# JRE version: Java(TM) SE Runtime Environment (21.0.1+12) (build 21.0.1+12-LTS-29)
# Java VM: Java HotSpot(TM) 64-Bit Server VM (21.0.1+12-LTS-29, mixed mode, sharing, tiered, compressed oops, compressed class ptrs, g1 gc, windows-amd64)
GC Precious Log:
 CardTable entry size: 512
 Card Set container configuration: InlinePtr #cards 5 size 8 Array Of Cards #cards 12 size 40 Howl #buckets 4 coarsen threshold 1843 Howl Bitmap #cards 512 size 80 coarsen threshold 460 Card regions per heap region 1 cards per card region 2048
 CPUs: 4 total, 4 available
 Memory: 8030M
 Large Page Support: Disabled
 NUMA Support: Disabled
 Compressed Oops: Enabled (32-bit)
 Heap Region Size: 1M
 Heap Min Capacity: 8M
 Heap Initial Capacity: 126M
 Heap Max Capacity: 2G
 Pre-touch: Disabled
 Parallel Workers: 4
 Concurrent Workers: 1
 Concurrent Refinement Workers: 4
 Periodic GC: Disabled
Heap:
 garbage-first heap   total 278528K, used 219033K [0x0000000080000000, 0x0000000100000000)
  region size 1024K, 47 young (48128K), 7 survivors (7168K)
 Metaspace       used 127731K, committed 130112K, reserved 1179648K
  class space    used 16531K, committed 17728K, reserved 1048576K
GC Heap History (20 events):
Event: 17.237 GC heap before
{Heap before GC invocations=25 (full 0):
 garbage-first heap   total 198656K, used 176375K [0x0000000080000000, 0x0000000100000000)
  region size 1024K, 71 young (72704K), 7 survivors (7168K)
 Metaspace       used 87991K, committed 90048K, reserved 1179648K
  class space    used 11700K, committed 12736K, reserved 1048576K
}
Event: 17.265 GC heap after
{Heap after GC invocations=26 (full 0):
 garbage-first heap   total 198656K, used 114772K [0x0000000080000000, 0x0000000100000000)
  region size 1024K, 9 young (9216K), 9 survivors (9216K)
 Metaspace       used 87991K, committed 90048K, reserved 1179648K
  class space    used 11700K, committed 12736K, reserved 1048576K
}
Event: 18.460 GC heap before
{Heap before GC invocations=26 (full 0):
 garbage-first heap   total 198656K, used 177236K [0x0000000080000000, 0x0000000100000000)
  region size 1024K, 70 young (71680K), 9 survivors (9216K)
 Metaspace       used 98663K, committed 100608K, reserved 1179648K
  class space    used 12903K, committed 13888K, reserved 1048576K
}
Event: 18.474 GC heap after
{Heap after GC invocations=27 (full 0):
 garbage-first heap   total 198656K, used 117607K [0x0000000080000000, 0x0000000100000000)
  region size 1024K, 8 young (8192K), 8 survivors (8192K)
 Metaspace       used 98663K, committed 100608K, reserved 1179648K
  class space    used 12903K, committed 13888K, reserved 1048576K
}
Event: 19.314 GC heap before
{Heap before GC invocations=28 (full 0):
 garbage-first heap   total 208896K, used 179047K [0x0000000080000000, 0x0000000100000000)
  region size 1024K, 67 young (68608K), 8 survivors (8192K)
 Metaspace       used 100988K, committed 103040K, reserved 1179648K
  class space    used 13169K, committed 14208K, reserved 1048576K
}
Event: 19.330 GC heap after
{Heap after GC invocations=29 (full 0):
 garbage-first heap   total 208896K, used 122185K [0x0000000080000000, 0x0000000100000000)
  region size 1024K, 7 young (7168K), 7 survivors (7168K)
 Metaspace       used 100988K, committed 103040K, reserved 1179648K
  class space    used 13169K, committed 14208K, reserved 1048576K
}
Event: 20.625 GC heap before
{Heap before GC invocations=29 (full 0):
 garbage-first heap   total 208896K, used 189769K [0x0000000080000000, 0x0000000100000000)
  region size 1024K, 73 young (74752K), 7 survivors (7168K)
 Metaspace       used 103936K, committed 106048K, reserved 1179648K
  class space    used 13529K, committed 14592K, reserved 1048576K
}
Event: 20.634 GC heap after
{Heap after GC invocations=30 (full 0):
 garbage-first heap   total 208896K, used 118571K [0x0000000080000000, 0x0000000100000000)
  region size 1024K, 2 young (2048K), 2 survivors (2048K)
 Metaspace       used 103936K, committed 106048K, reserved 1179648K
  class space    used 13529K, committed 14592K, reserved 1048576K
}
Event: 22.220 GC heap before
{Heap before GC invocations=30 (full 0):
 garbage-first heap   total 208896K, used 180011K [0x0000000080000000, 0x0000000100000000)
  region size 1024K, 63 young (64512K), 2 survivors (2048K)
 Metaspace       used 108140K, committed 110336K, reserved 1179648K
  class space    used 14130K, committed 15232K, reserved 1048576K
}
Event: 22.237 GC heap after
{Heap after GC invocations=31 (full 0):
 garbage-first heap   total 208896K, used 124426K [0x0000000080000000, 0x0000000100000000)
  region size 1024K, 8 young (8192K), 8 survivors (8192K)
 Metaspace       used 108140K, committed 110336K, reserved 1179648K
  class space    used 14130K, committed 15232K, reserved 1048576K
}
Event: 23.771 GC heap before
{Heap before GC invocations=32 (full 0):
 garbage-first heap   total 245760K, used 197130K [0x0000000080000000, 0x0000000100000000)
  region size 1024K, 70 young (71680K), 8 survivors (8192K)
 Metaspace       used 116650K, committed 118912K, reserved 1179648K
  class space    used 15187K, committed 16320K, reserved 1048576K
}
Event: 23.787 GC heap after
{Heap after GC invocations=33 (full 0):
 garbage-first heap   total 245760K, used 142500K [0x0000000080000000, 0x0000000100000000)
  region size 1024K, 9 young (9216K), 9 survivors (9216K)
 Metaspace       used 116650K, committed 118912K, reserved 1179648K
  class space    used 15187K, committed 16320K, reserved 1048576K
}
Event: 25.619 GC heap before
{Heap before GC invocations=33 (full 0):
 garbage-first heap   total 245760K, used 221348K [0x0000000080000000, 0x0000000100000000)
  region size 1024K, 81 young (82944K), 9 survivors (9216K)
 Metaspace       used 123730K, committed 126080K, reserved 1179648K
  class space    used 16108K, committed 17280K, reserved 1048576K
}
Event: 25.635 GC heap after
{Heap after GC invocations=34 (full 0):
 garbage-first heap   total 245760K, used 148365K [0x0000000080000000, 0x0000000100000000)
  region size 1024K, 7 young (7168K), 7 survivors (7168K)
 Metaspace       used 123730K, committed 126080K, reserved 1179648K
  class space    used 16108K, committed 17280K, reserved 1048576K
}
Event: 26.805 GC heap before
{Heap before GC invocations=34 (full 0):
 garbage-first heap   total 245760K, used 220045K [0x0000000080000000, 0x0000000100000000)
  region size 1024K, 77 young (78848K), 7 survivors (7168K)
 Metaspace       used 126767K, committed 129152K, reserved 1179648K
  class space    used 16493K, committed 17728K, reserved 1048576K
}
Event: 26.830 GC heap after
{Heap after GC invocations=35 (full 0):
 garbage-first heap   total 245760K, used 160548K [0x0000000080000000, 0x0000000100000000)
  region size 1024K, 10 young (10240K), 10 survivors (10240K)
 Metaspace       used 126767K, committed 129152K, reserved 1179648K
  class space    used 16493K, committed 17728K, reserved 1048576K
}
Event: 27.486 GC heap before
{Heap before GC invocations=36 (full 0):
 garbage-first heap   total 278528K, used 219940K [0x0000000080000000, 0x0000000100000000)
  region size 1024K, 68 young (69632K), 10 survivors (10240K)
 Metaspace       used 126841K, committed 129216K, reserved 1179648K
  class space    used 16493K, committed 17728K, reserved 1048576K
}
Event: 27.522 GC heap after
{Heap after GC invocations=37 (full 0):
 garbage-first heap   total 278528K, used 175498K [0x0000000080000000, 0x0000000100000000)
  region size 1024K, 9 young (9216K), 9 survivors (9216K)
 Metaspace       used 126841K, committed 129216K, reserved 1179648K
  class space    used 16493K, committed 17728K, reserved 1048576K
}
Event: 28.202 GC heap before
{Heap before GC invocations=37 (full 0):
 garbage-first heap   total 278528K, used 244106K [0x0000000080000000, 0x0000000100000000)
  region size 1024K, 75 young (76800K), 9 survivors (9216K)
 Metaspace       used 126958K, committed 129408K, reserved 1179648K
  class space    used 16493K, committed 17728K, reserved 1048576K
}
Event: 28.226 GC heap after
{Heap after GC invocations=38 (full 0):
 garbage-first heap   total 278528K, used 179097K [0x0000000080000000, 0x0000000100000000)
  region size 1024K, 7 young (7168K), 7 survivors (7168K)
 Metaspace       used 126958K, committed 129408K, reserved 1179648K
  class space    used 16493K, committed 17728K, reserved 1048576K
}

