# JRE version: OpenJDK Runtime Environment (17.0.6) (build 17.0.6+0-b2043.56-10027231)
# Java VM: OpenJDK 64-Bit Server VM (17.0.6+0-b2043.56-10027231, mixed mode, tiered, compressed oops, compressed class ptrs, g1 gc, windows-amd64)
GC Precious Log:
 CPUs: 4 total, 4 available
 Memory: 8030M
 Large Page Support: Disabled
 NUMA Support: Disabled
 Compressed Oops: Enabled (32-bit)
 Heap Region Size: 1M
 Heap Min Capacity: 8M
 Heap Initial Capacity: 126M
 Heap Max Capacity: 2G
 Pre-touch: Disabled
 Parallel Workers: 4
 Concurrent Workers: 1
 Concurrent Refinement Workers: 4
 Periodic GC: Disabled
Heap:
 garbage-first heap   total 119808K, used 72549K [0x0000000080000000, 0x0000000100000000)
  region size 1024K, 5 young (5120K), 2 survivors (2048K)
 Metaspace       used 52252K, committed 52864K, reserved 1097728K
  class space    used 6935K, committed 7232K, reserved 1048576K
GC Heap History (20 events):
Event: 11.403 GC heap before
{Heap before GC invocations=12 (full 0):
 garbage-first heap   total 81920K, used 62896K [0x0000000080000000, 0x0000000100000000)
  region size 1024K, 15 young (15360K), 1 survivors (1024K)
 Metaspace       used 32826K, committed 33216K, reserved 1081344K
  class space    used 4530K, committed 4736K, reserved 1048576K
}
Event: 11.407 GC heap after
{Heap after GC invocations=13 (full 0):
 garbage-first heap   total 111616K, used 49235K [0x0000000080000000, 0x0000000100000000)
  region size 1024K, 1 young (1024K), 1 survivors (1024K)
 Metaspace       used 32826K, committed 33216K, reserved 1081344K
  class space    used 4530K, committed 4736K, reserved 1048576K
}
Event: 14.248 GC heap before
{Heap before GC invocations=14 (full 0):
 garbage-first heap   total 111616K, used 84051K [0x0000000080000000, 0x0000000100000000)
  region size 1024K, 36 young (36864K), 1 survivors (1024K)
 Metaspace       used 41284K, committed 41664K, reserved 1089536K
  class space    used 5531K, committed 5696K, reserved 1048576K
}
Event: 14.266 GC heap after
{Heap after GC invocations=15 (full 0):
 garbage-first heap   total 111616K, used 53358K [0x0000000080000000, 0x0000000100000000)
  region size 1024K, 5 young (5120K), 5 survivors (5120K)
 Metaspace       used 41284K, committed 41664K, reserved 1089536K
  class space    used 5531K, committed 5696K, reserved 1048576K
}
Event: 14.356 GC heap before
{Heap before GC invocations=15 (full 0):
 garbage-first heap   total 111616K, used 54382K [0x0000000080000000, 0x0000000100000000)
  region size 1024K, 6 young (6144K), 5 survivors (5120K)
 Metaspace       used 41488K, committed 41856K, reserved 1089536K
  class space    used 5551K, committed 5696K, reserved 1048576K
}
Event: 14.367 GC heap after
{Heap after GC invocations=16 (full 0):
 garbage-first heap   total 111616K, used 54368K [0x0000000080000000, 0x0000000100000000)
  region size 1024K, 1 young (1024K), 1 survivors (1024K)
 Metaspace       used 41488K, committed 41856K, reserved 1089536K
  class space    used 5551K, committed 5696K, reserved 1048576K
}
Event: 16.168 GC heap before
{Heap before GC invocations=16 (full 0):
 garbage-first heap   total 111616K, used 77920K [0x0000000080000000, 0x0000000100000000)
  region size 1024K, 25 young (25600K), 1 survivors (1024K)
 Metaspace       used 42302K, committed 42688K, reserved 1089536K
  class space    used 5626K, committed 5824K, reserved 1048576K
}
Event: 16.175 GC heap after
{Heap after GC invocations=17 (full 0):
 garbage-first heap   total 111616K, used 56761K [0x0000000080000000, 0x0000000100000000)
  region size 1024K, 4 young (4096K), 4 survivors (4096K)
 Metaspace       used 42302K, committed 42688K, reserved 1089536K
  class space    used 5626K, committed 5824K, reserved 1048576K
}
Event: 18.581 GC heap before
{Heap before GC invocations=18 (full 0):
 garbage-first heap   total 111616K, used 88505K [0x0000000080000000, 0x0000000100000000)
  region size 1024K, 33 young (33792K), 4 survivors (4096K)
 Metaspace       used 46663K, committed 47104K, reserved 1097728K
  class space    used 6187K, committed 6400K, reserved 1048576K
}
Event: 18.593 GC heap after
{Heap after GC invocations=19 (full 0):
 garbage-first heap   total 111616K, used 59206K [0x0000000080000000, 0x0000000100000000)
  region size 1024K, 3 young (3072K), 3 survivors (3072K)
 Metaspace       used 46663K, committed 47104K, reserved 1097728K
  class space    used 6187K, committed 6400K, reserved 1048576K
}
Event: 18.674 GC heap before
{Heap before GC invocations=19 (full 0):
 garbage-first heap   total 111616K, used 61254K [0x0000000080000000, 0x0000000100000000)
  region size 1024K, 5 young (5120K), 3 survivors (3072K)
 Metaspace       used 46725K, committed 47168K, reserved 1097728K
  class space    used 6194K, committed 6400K, reserved 1048576K
}
Event: 18.682 GC heap after
{Heap after GC invocations=20 (full 0):
 garbage-first heap   total 111616K, used 59711K [0x0000000080000000, 0x0000000100000000)
  region size 1024K, 1 young (1024K), 1 survivors (1024K)
 Metaspace       used 46725K, committed 47168K, reserved 1097728K
  class space    used 6194K, committed 6400K, reserved 1048576K
}
Event: 18.698 GC heap before
{Heap before GC invocations=20 (full 0):
 garbage-first heap   total 111616K, used 59711K [0x0000000080000000, 0x0000000100000000)
  region size 1024K, 2 young (2048K), 1 survivors (1024K)
 Metaspace       used 46728K, committed 47168K, reserved 1097728K
  class space    used 6194K, committed 6400K, reserved 1048576K
}
Event: 18.701 GC heap after
{Heap after GC invocations=21 (full 0):
 garbage-first heap   total 111616K, used 59952K [0x0000000080000000, 0x0000000100000000)
  region size 1024K, 2 young (2048K), 2 survivors (2048K)
 Metaspace       used 46728K, committed 47168K, reserved 1097728K
  class space    used 6194K, committed 6400K, reserved 1048576K
}
Event: 19.102 GC heap before
{Heap before GC invocations=22 (full 0):
 garbage-first heap   total 116736K, used 76336K [0x0000000080000000, 0x0000000100000000)
  region size 1024K, 13 young (13312K), 2 survivors (2048K)
 Metaspace       used 47434K, committed 47936K, reserved 1097728K
  class space    used 6276K, committed 6464K, reserved 1048576K
}
Event: 19.109 GC heap after
{Heap after GC invocations=23 (full 0):
 garbage-first heap   total 116736K, used 68225K [0x0000000080000000, 0x0000000100000000)
  region size 1024K, 3 young (3072K), 3 survivors (3072K)
 Metaspace       used 47434K, committed 47936K, reserved 1097728K
  class space    used 6276K, committed 6464K, reserved 1048576K
}
Event: 19.768 GC heap before
{Heap before GC invocations=24 (full 0):
 garbage-first heap   total 119808K, used 87681K [0x0000000080000000, 0x0000000100000000)
  region size 1024K, 21 young (21504K), 3 survivors (3072K)
 Metaspace       used 49724K, committed 50240K, reserved 1097728K
  class space    used 6509K, committed 6720K, reserved 1048576K
}
Event: 19.778 GC heap after
{Heap after GC invocations=25 (full 0):
 garbage-first heap   total 119808K, used 69413K [0x0000000080000000, 0x0000000100000000)
  region size 1024K, 2 young (2048K), 2 survivors (2048K)
 Metaspace       used 49724K, committed 50240K, reserved 1097728K
  class space    used 6509K, committed 6720K, reserved 1048576K
}
Event: 20.298 GC heap before
{Heap before GC invocations=25 (full 0):
 garbage-first heap   total 119808K, used 89893K [0x0000000080000000, 0x0000000100000000)
  region size 1024K, 22 young (22528K), 2 survivors (2048K)
 Metaspace       used 51566K, committed 52160K, reserved 1097728K
  class space    used 6816K, committed 7104K, reserved 1048576K
}
Event: 20.304 GC heap after
{Heap after GC invocations=26 (full 0):
 garbage-first heap   total 119808K, used 70501K [0x0000000080000000, 0x0000000100000000)
  region size 1024K, 2 young (2048K), 2 survivors (2048K)
 Metaspace       used 51566K, committed 52160K, reserved 1097728K
  class space    used 6816K, committed 7104K, reserved 1048576K
}

