# JRE version: OpenJDK Runtime Environment Zulu17.46+19-CA (17.0.9+8) (build 17.0.9+8-LTS)
# Java VM: OpenJDK 64-Bit Server VM Zulu17.46+19-CA (17.0.9+8-LTS, mixed mode, sharing, tiered, compressed oops, compressed class ptrs, g1 gc, windows-amd64)
GC Precious Log:
 CPUs: 4 total, 4 available
 Memory: 8030M
 Large Page Support: Disabled
 NUMA Support: Disabled
 Compressed Oops: Enabled (32-bit)
 Heap Region Size: 1M
 Heap Min Capacity: 8M
 Heap Initial Capacity: 126M
 Heap Max Capacity: 2G
 Pre-touch: Disabled
 Parallel Workers: 4
 Concurrent Workers: 1
 Concurrent Refinement Workers: 4
 Periodic GC: Disabled
Heap:
 garbage-first heap   total 143360K, used 79267K [0x0000000080000000, 0x0000000100000000)
  region size 1024K, 3 young (3072K), 3 survivors (3072K)
 Metaspace       used 60602K, committed 61312K, reserved 1114112K
  class space    used 8676K, committed 9024K, reserved 1048576K
GC Heap History (20 events):
Event: 48.523 GC heap after
{Heap after GC invocations=9 (full 0):
 garbage-first heap   total 129024K, used 58187K [0x0000000080000000, 0x0000000100000000)
  region size 1024K, 6 young (6144K), 6 survivors (6144K)
 Metaspace       used 35207K, committed 35712K, reserved 1114112K
  class space    used 4873K, committed 5120K, reserved 1048576K
}
Event: 48.614 GC heap before
{Heap before GC invocations=9 (full 0):
 garbage-first heap   total 129024K, used 60235K [0x0000000080000000, 0x0000000100000000)
  region size 1024K, 9 young (9216K), 6 survivors (6144K)
 Metaspace       used 35606K, committed 36096K, reserved 1114112K
  class space    used 4925K, committed 5184K, reserved 1048576K
}
Event: 48.626 GC heap after
{Heap after GC invocations=10 (full 0):
 garbage-first heap   total 129024K, used 57768K [0x0000000080000000, 0x0000000100000000)
  region size 1024K, 1 young (1024K), 1 survivors (1024K)
 Metaspace       used 35606K, committed 36096K, reserved 1114112K
  class space    used 4925K, committed 5184K, reserved 1048576K
}
Event: 49.423 GC heap before
{Heap before GC invocations=11 (full 0):
 garbage-first heap   total 129024K, used 69032K [0x0000000080000000, 0x0000000100000000)
  region size 1024K, 13 young (13312K), 1 survivors (1024K)
 Metaspace       used 36622K, committed 37056K, reserved 1114112K
  class space    used 5090K, committed 5312K, reserved 1048576K
}
Event: 49.428 GC heap after
{Heap after GC invocations=12 (full 0):
 garbage-first heap   total 129024K, used 59140K [0x0000000080000000, 0x0000000100000000)
  region size 1024K, 2 young (2048K), 2 survivors (2048K)
 Metaspace       used 36622K, committed 37056K, reserved 1114112K
  class space    used 5090K, committed 5312K, reserved 1048576K
}
Event: 49.495 GC heap before
{Heap before GC invocations=12 (full 0):
 garbage-first heap   total 129024K, used 62212K [0x0000000080000000, 0x0000000100000000)
  region size 1024K, 3 young (3072K), 2 survivors (2048K)
 Metaspace       used 36623K, committed 37056K, reserved 1114112K
  class space    used 5090K, committed 5312K, reserved 1048576K
}
Event: 49.499 GC heap after
{Heap after GC invocations=13 (full 0):
 garbage-first heap   total 129024K, used 62635K [0x0000000080000000, 0x0000000100000000)
  region size 1024K, 3 young (3072K), 3 survivors (3072K)
 Metaspace       used 36623K, committed 37056K, reserved 1114112K
  class space    used 5090K, committed 5312K, reserved 1048576K
}
Event: 49.777 GC heap before
{Heap before GC invocations=14 (full 0):
 garbage-first heap   total 129024K, used 74923K [0x0000000080000000, 0x0000000100000000)
  region size 1024K, 14 young (14336K), 3 survivors (3072K)
 Metaspace       used 37325K, committed 37824K, reserved 1114112K
  class space    used 5169K, committed 5376K, reserved 1048576K
}
Event: 49.783 GC heap after
{Heap after GC invocations=15 (full 0):
 garbage-first heap   total 129024K, used 67638K [0x0000000080000000, 0x0000000100000000)
  region size 1024K, 5 young (5120K), 5 survivors (5120K)
 Metaspace       used 37325K, committed 37824K, reserved 1114112K
  class space    used 5169K, committed 5376K, reserved 1048576K
}
Event: 50.923 GC heap before
{Heap before GC invocations=16 (full 0):
 garbage-first heap   total 129024K, used 97334K [0x0000000080000000, 0x0000000100000000)
  region size 1024K, 33 young (33792K), 5 survivors (5120K)
 Metaspace       used 39754K, committed 40384K, reserved 1114112K
  class space    used 5420K, committed 5696K, reserved 1048576K
}
Event: 50.933 GC heap after
{Heap after GC invocations=17 (full 0):
 garbage-first heap   total 129024K, used 69182K [0x0000000080000000, 0x0000000100000000)
  region size 1024K, 4 young (4096K), 4 survivors (4096K)
 Metaspace       used 39754K, committed 40384K, reserved 1114112K
  class space    used 5420K, committed 5696K, reserved 1048576K
}
Event: 52.154 GC heap before
{Heap before GC invocations=17 (full 0):
 garbage-first heap   total 129024K, used 98878K [0x0000000080000000, 0x0000000100000000)
  region size 1024K, 33 young (33792K), 4 survivors (4096K)
 Metaspace       used 43145K, committed 43712K, reserved 1114112K
  class space    used 6016K, committed 6272K, reserved 1048576K
}
Event: 52.172 GC heap after
{Heap after GC invocations=18 (full 0):
 garbage-first heap   total 129024K, used 71474K [0x0000000080000000, 0x0000000100000000)
  region size 1024K, 5 young (5120K), 5 survivors (5120K)
 Metaspace       used 43145K, committed 43712K, reserved 1114112K
  class space    used 6016K, committed 6272K, reserved 1048576K
}
Event: 53.043 GC heap before
{Heap before GC invocations=19 (full 0):
 garbage-first heap   total 129024K, used 101170K [0x0000000080000000, 0x0000000100000000)
  region size 1024K, 34 young (34816K), 5 survivors (5120K)
 Metaspace       used 48464K, committed 49152K, reserved 1114112K
  class space    used 7174K, committed 7488K, reserved 1048576K
}
Event: 53.055 GC heap after
{Heap after GC invocations=20 (full 0):
 garbage-first heap   total 129024K, used 72537K [0x0000000080000000, 0x0000000100000000)
  region size 1024K, 4 young (4096K), 4 survivors (4096K)
 Metaspace       used 48464K, committed 49152K, reserved 1114112K
  class space    used 7174K, committed 7488K, reserved 1048576K
}
Event: 53.853 GC heap before
{Heap before GC invocations=20 (full 0):
 garbage-first heap   total 129024K, used 103257K [0x0000000080000000, 0x0000000100000000)
  region size 1024K, 34 young (34816K), 4 survivors (4096K)
 Metaspace       used 52376K, committed 53056K, reserved 1114112K
  class space    used 7691K, committed 8000K, reserved 1048576K
}
Event: 53.867 GC heap after
{Heap after GC invocations=21 (full 0):
 garbage-first heap   total 129024K, used 74061K [0x0000000080000000, 0x0000000100000000)
  region size 1024K, 3 young (3072K), 3 survivors (3072K)
 Metaspace       used 52376K, committed 53056K, reserved 1114112K
  class space    used 7691K, committed 8000K, reserved 1048576K
}
Event: 54.424 GC heap before
{Heap before GC invocations=22 (full 0):
 garbage-first heap   total 132096K, used 92493K [0x0000000080000000, 0x0000000100000000)
  region size 1024K, 22 young (22528K), 3 survivors (3072K)
 Metaspace       used 55440K, committed 56064K, reserved 1114112K
  class space    used 8049K, committed 8320K, reserved 1048576K
}
Event: 54.432 GC heap after
{Heap after GC invocations=23 (full 0):
 garbage-first heap   total 132096K, used 74273K [0x0000000080000000, 0x0000000100000000)
  region size 1024K, 3 young (3072K), 3 survivors (3072K)
 Metaspace       used 55440K, committed 56064K, reserved 1114112K
  class space    used 8049K, committed 8320K, reserved 1048576K
}
Event: 55.372 GC heap before
{Heap before GC invocations=24 (full 0):
 garbage-first heap   total 143360K, used 112161K [0x0000000080000000, 0x0000000100000000)
  region size 1024K, 36 young (36864K), 3 survivors (3072K)
 Metaspace       used 60602K, committed 61312K, reserved 1114112K
  class space    used 8676K, committed 9024K, reserved 1048576K
}

