# JRE version: OpenJDK Runtime Environment Zulu17.46+19-CA (17.0.9+8) (build 17.0.9+8-LTS)
# Java VM: OpenJDK 64-Bit Server VM Zulu17.46+19-CA (17.0.9+8-LTS, mixed mode, sharing, tiered, compressed oops, compressed class ptrs, g1 gc, windows-amd64)
GC Precious Log:
 CPUs: 4 total, 4 available
 Memory: 8030M
 Large Page Support: Disabled
 NUMA Support: Disabled
 Compressed Oops: Enabled (32-bit)
 Heap Region Size: 1M
 Heap Min Capacity: 8M
 Heap Initial Capacity: 126M
 Heap Max Capacity: 2G
 Pre-touch: Disabled
 Parallel Workers: 4
 Concurrent Workers: 1
 Concurrent Refinement Workers: 4
 Periodic GC: Disabled
Heap:
 garbage-first heap   total 163840K, used 73799K [0x0000000080000000, 0x0000000100000000)
  region size 1024K, 2 young (2048K), 2 survivors (2048K)
 Metaspace       used 73505K, committed 74176K, reserved 1114112K
  class space    used 10151K, committed 10432K, reserved 1048576K
GC Heap History (20 events):
Event: 16.436 GC heap after
{Heap after GC invocations=14 (full 0):
 garbage-first heap   total 81920K, used 42805K [0x0000000080000000, 0x0000000100000000)
  region size 1024K, 4 young (4096K), 4 survivors (4096K)
 Metaspace       used 43560K, committed 44096K, reserved 1114112K
  class space    used 6025K, committed 6272K, reserved 1048576K
}
Event: 16.439 GC heap before
{Heap before GC invocations=14 (full 0):
 garbage-first heap   total 81920K, used 42805K [0x0000000080000000, 0x0000000100000000)
  region size 1024K, 5 young (5120K), 4 survivors (4096K)
 Metaspace       used 43560K, committed 44096K, reserved 1114112K
  class space    used 6025K, committed 6272K, reserved 1048576K
}
Event: 16.447 GC heap after
{Heap after GC invocations=15 (full 0):
 garbage-first heap   total 163840K, used 43720K [0x0000000080000000, 0x0000000100000000)
  region size 1024K, 1 young (1024K), 1 survivors (1024K)
 Metaspace       used 43560K, committed 44096K, reserved 1114112K
  class space    used 6025K, committed 6272K, reserved 1048576K
}
Event: 21.855 GC heap before
{Heap before GC invocations=15 (full 0):
 garbage-first heap   total 163840K, used 128712K [0x0000000080000000, 0x0000000100000000)
  region size 1024K, 76 young (77824K), 1 survivors (1024K)
 Metaspace       used 54954K, committed 55552K, reserved 1114112K
  class space    used 7415K, committed 7680K, reserved 1048576K
}
Event: 21.869 GC heap after
{Heap after GC invocations=16 (full 0):
 garbage-first heap   total 163840K, used 59983K [0x0000000080000000, 0x0000000100000000)
  region size 1024K, 9 young (9216K), 9 survivors (9216K)
 Metaspace       used 54954K, committed 55552K, reserved 1114112K
  class space    used 7415K, committed 7680K, reserved 1048576K
}
Event: 29.297 GC heap before
{Heap before GC invocations=16 (full 0):
 garbage-first heap   total 163840K, used 128591K [0x0000000080000000, 0x0000000100000000)
  region size 1024K, 72 young (73728K), 9 survivors (9216K)
 Metaspace       used 60154K, committed 60736K, reserved 1114112K
  class space    used 8098K, committed 8384K, reserved 1048576K
}
Event: 29.317 GC heap after
{Heap after GC invocations=17 (full 0):
 garbage-first heap   total 163840K, used 64991K [0x0000000080000000, 0x0000000100000000)
  region size 1024K, 6 young (6144K), 6 survivors (6144K)
 Metaspace       used 60154K, committed 60736K, reserved 1114112K
  class space    used 8098K, committed 8384K, reserved 1048576K
}
Event: 42.206 GC heap before
{Heap before GC invocations=18 (full 0):
 garbage-first heap   total 163840K, used 127455K [0x0000000080000000, 0x0000000100000000)
  region size 1024K, 67 young (68608K), 6 survivors (6144K)
 Metaspace       used 66436K, committed 67072K, reserved 1114112K
  class space    used 8929K, committed 9216K, reserved 1048576K
}
Event: 42.243 GC heap after
{Heap after GC invocations=19 (full 0):
 garbage-first heap   total 163840K, used 71588K [0x0000000080000000, 0x0000000100000000)
  region size 1024K, 7 young (7168K), 7 survivors (7168K)
 Metaspace       used 66436K, committed 67072K, reserved 1114112K
  class space    used 8929K, committed 9216K, reserved 1048576K
}
Event: 42.974 GC heap before
{Heap before GC invocations=19 (full 0):
 garbage-first heap   total 163840K, used 71588K [0x0000000080000000, 0x0000000100000000)
  region size 1024K, 8 young (8192K), 7 survivors (7168K)
 Metaspace       used 66439K, committed 67072K, reserved 1114112K
  class space    used 8929K, committed 9216K, reserved 1048576K
}
Event: 42.991 GC heap after
{Heap after GC invocations=20 (full 0):
 garbage-first heap   total 163840K, used 71664K [0x0000000080000000, 0x0000000100000000)
  region size 1024K, 1 young (1024K), 1 survivors (1024K)
 Metaspace       used 66439K, committed 67072K, reserved 1114112K
  class space    used 8929K, committed 9216K, reserved 1048576K
}
Event: 43.953 GC heap before
{Heap before GC invocations=20 (full 0):
 garbage-first heap   total 163840K, used 78832K [0x0000000080000000, 0x0000000100000000)
  region size 1024K, 9 young (9216K), 1 survivors (1024K)
 Metaspace       used 66654K, committed 67328K, reserved 1114112K
  class space    used 8970K, committed 9280K, reserved 1048576K
}
Event: 43.967 GC heap after
{Heap after GC invocations=21 (full 0):
 garbage-first heap   total 163840K, used 72946K [0x0000000080000000, 0x0000000100000000)
  region size 1024K, 3 young (3072K), 3 survivors (3072K)
 Metaspace       used 66654K, committed 67328K, reserved 1114112K
  class space    used 8970K, committed 9280K, reserved 1048576K
}
Event: 44.419 GC heap before
{Heap before GC invocations=21 (full 0):
 garbage-first heap   total 163840K, used 87282K [0x0000000080000000, 0x0000000100000000)
  region size 1024K, 12 young (12288K), 3 survivors (3072K)
 Metaspace       used 67829K, committed 68416K, reserved 1114112K
  class space    used 9082K, committed 9344K, reserved 1048576K
}
Event: 44.428 GC heap after
{Heap after GC invocations=22 (full 0):
 garbage-first heap   total 163840K, used 80551K [0x0000000080000000, 0x0000000100000000)
  region size 1024K, 4 young (4096K), 4 survivors (4096K)
 Metaspace       used 67829K, committed 68416K, reserved 1114112K
  class space    used 9082K, committed 9344K, reserved 1048576K
}
Event: 46.223 GC heap before
{Heap before GC invocations=23 (full 0):
 garbage-first heap   total 163840K, used 118439K [0x0000000080000000, 0x0000000100000000)
  region size 1024K, 40 young (40960K), 4 survivors (4096K)
 Metaspace       used 73044K, committed 73664K, reserved 1114112K
  class space    used 10122K, committed 10432K, reserved 1048576K
}
Event: 46.231 GC heap after
{Heap after GC invocations=24 (full 0):
 garbage-first heap   total 163840K, used 74200K [0x0000000080000000, 0x0000000100000000)
  region size 1024K, 2 young (2048K), 2 survivors (2048K)
 Metaspace       used 73044K, committed 73664K, reserved 1114112K
  class space    used 10122K, committed 10432K, reserved 1048576K
}
Event: 46.502 GC heap before
{Heap before GC invocations=24 (full 0):
 garbage-first heap   total 163840K, used 79320K [0x0000000080000000, 0x0000000100000000)
  region size 1024K, 8 young (8192K), 2 survivors (2048K)
 Metaspace       used 73305K, committed 73984K, reserved 1114112K
  class space    used 10150K, committed 10432K, reserved 1048576K
}
Event: 46.512 GC heap after
{Heap after GC invocations=25 (full 0):
 garbage-first heap   total 163840K, used 72461K [0x0000000080000000, 0x0000000100000000)
  region size 1024K, 1 young (1024K), 1 survivors (1024K)
 Metaspace       used 73305K, committed 73984K, reserved 1114112K
  class space    used 10150K, committed 10432K, reserved 1048576K
}
Event: 47.525 GC heap before
{Heap before GC invocations=25 (full 0):
 garbage-first heap   total 163840K, used 117517K [0x0000000080000000, 0x0000000100000000)
  region size 1024K, 45 young (46080K), 1 survivors (1024K)
 Metaspace       used 73505K, committed 74176K, reserved 1114112K
  class space    used 10151K, committed 10432K, reserved 1048576K
}

