# JRE version: OpenJDK Runtime Environment Zulu17.46+19-CA (17.0.9+8) (build 17.0.9+8-LTS)
# Java VM: OpenJDK 64-Bit Server VM Zulu17.46+19-CA (17.0.9+8-LTS, mixed mode, sharing, tiered, compressed oops, compressed class ptrs, g1 gc, windows-amd64)
GC Precious Log:
 CPUs: 4 total, 4 available
 Memory: 8030M
 Large Page Support: Disabled
 NUMA Support: Disabled
 Compressed Oops: Enabled (32-bit)
 Heap Region Size: 1M
 Heap Min Capacity: 8M
 Heap Initial Capacity: 126M
 Heap Max Capacity: 2G
 Pre-touch: Disabled
 Parallel Workers: 4
 Concurrent Workers: 1
 Concurrent Refinement Workers: 4
 Periodic GC: Disabled
Heap:
 garbage-first heap   total 291840K, used 147884K [0x0000000080000000, 0x0000000100000000)
  region size 1024K, 4 young (4096K), 4 survivors (4096K)
 Metaspace       used 127873K, committed 128704K, reserved 1179648K
  class space    used 16198K, committed 16576K, reserved 1048576K
GC Heap History (20 events):
Event: 31.593 GC heap after
{Heap after GC invocations=39 (full 0):
 garbage-first heap   total 242688K, used 123237K [0x0000000080000000, 0x0000000100000000)
  region size 1024K, 10 young (10240K), 10 survivors (10240K)
 Metaspace       used 98540K, committed 99200K, reserved 1179648K
  class space    used 12631K, committed 12928K, reserved 1048576K
}
Event: 31.682 GC heap before
{Heap before GC invocations=39 (full 0):
 garbage-first heap   total 242688K, used 124261K [0x0000000080000000, 0x0000000100000000)
  region size 1024K, 11 young (11264K), 10 survivors (10240K)
 Metaspace       used 98566K, committed 99200K, reserved 1179648K
  class space    used 12631K, committed 12928K, reserved 1048576K
}
Event: 31.707 GC heap after
{Heap after GC invocations=40 (full 0):
 garbage-first heap   total 242688K, used 123997K [0x0000000080000000, 0x0000000100000000)
  region size 1024K, 2 young (2048K), 2 survivors (2048K)
 Metaspace       used 98566K, committed 99200K, reserved 1179648K
  class space    used 12631K, committed 12928K, reserved 1048576K
}
Event: 33.763 GC heap before
{Heap before GC invocations=40 (full 0):
 garbage-first heap   total 242688K, used 197725K [0x0000000080000000, 0x0000000100000000)
  region size 1024K, 73 young (74752K), 2 survivors (2048K)
 Metaspace       used 102407K, committed 103104K, reserved 1179648K
  class space    used 13198K, committed 13504K, reserved 1048576K
}
Event: 33.780 GC heap after
{Heap after GC invocations=41 (full 0):
 garbage-first heap   total 242688K, used 132015K [0x0000000080000000, 0x0000000100000000)
  region size 1024K, 10 young (10240K), 10 survivors (10240K)
 Metaspace       used 102407K, committed 103104K, reserved 1179648K
  class space    used 13198K, committed 13504K, reserved 1048576K
}
Event: 35.947 GC heap before
{Heap before GC invocations=42 (full 0):
 garbage-first heap   total 261120K, used 195503K [0x0000000080000000, 0x0000000100000000)
  region size 1024K, 72 young (73728K), 10 survivors (10240K)
 Metaspace       used 103331K, committed 104064K, reserved 1179648K
  class space    used 13241K, committed 13568K, reserved 1048576K
}
Event: 35.972 GC heap after
{Heap after GC invocations=43 (full 0):
 garbage-first heap   total 261120K, used 137486K [0x0000000080000000, 0x0000000100000000)
  region size 1024K, 7 young (7168K), 7 survivors (7168K)
 Metaspace       used 103331K, committed 104064K, reserved 1179648K
  class space    used 13241K, committed 13568K, reserved 1048576K
}
Event: 36.225 GC heap before
{Heap before GC invocations=43 (full 0):
 garbage-first heap   total 261120K, used 141582K [0x0000000080000000, 0x0000000100000000)
  region size 1024K, 12 young (12288K), 7 survivors (7168K)
 Metaspace       used 103972K, committed 104704K, reserved 1179648K
  class space    used 13286K, committed 13632K, reserved 1048576K
}
Event: 36.240 GC heap after
{Heap after GC invocations=44 (full 0):
 garbage-first heap   total 261120K, used 136413K [0x0000000080000000, 0x0000000100000000)
  region size 1024K, 2 young (2048K), 2 survivors (2048K)
 Metaspace       used 103972K, committed 104704K, reserved 1179648K
  class space    used 13286K, committed 13632K, reserved 1048576K
}
Event: 46.058 GC heap before
{Heap before GC invocations=44 (full 0):
 garbage-first heap   total 261120K, used 220381K [0x0000000080000000, 0x0000000100000000)
  region size 1024K, 75 young (76800K), 2 survivors (2048K)
 Metaspace       used 108184K, committed 108928K, reserved 1179648K
  class space    used 13765K, committed 14080K, reserved 1048576K
}
Event: 46.073 GC heap after
{Heap after GC invocations=45 (full 0):
 garbage-first heap   total 261120K, used 156625K [0x0000000080000000, 0x0000000100000000)
  region size 1024K, 10 young (10240K), 10 survivors (10240K)
 Metaspace       used 108184K, committed 108928K, reserved 1179648K
  class space    used 13765K, committed 14080K, reserved 1048576K
}
Event: 48.032 GC heap before
{Heap before GC invocations=45 (full 0):
 garbage-first heap   total 261120K, used 211921K [0x0000000080000000, 0x0000000100000000)
  region size 1024K, 64 young (65536K), 10 survivors (10240K)
 Metaspace       used 116556K, committed 117312K, reserved 1179648K
  class space    used 14813K, committed 15168K, reserved 1048576K
}
Event: 48.052 GC heap after
{Heap after GC invocations=46 (full 0):
 garbage-first heap   total 261120K, used 159624K [0x0000000080000000, 0x0000000100000000)
  region size 1024K, 3 young (3072K), 3 survivors (3072K)
 Metaspace       used 116556K, committed 117312K, reserved 1179648K
  class space    used 14813K, committed 15168K, reserved 1048576K
}
Event: 48.367 GC heap before
{Heap before GC invocations=46 (full 0):
 garbage-first heap   total 261120K, used 164744K [0x0000000080000000, 0x0000000100000000)
  region size 1024K, 9 young (9216K), 3 survivors (3072K)
 Metaspace       used 118081K, committed 118912K, reserved 1179648K
  class space    used 14982K, committed 15360K, reserved 1048576K
}
Event: 48.378 GC heap after
{Heap after GC invocations=47 (full 0):
 garbage-first heap   total 261120K, used 160652K [0x0000000080000000, 0x0000000100000000)
  region size 1024K, 4 young (4096K), 4 survivors (4096K)
 Metaspace       used 118081K, committed 118912K, reserved 1179648K
  class space    used 14982K, committed 15360K, reserved 1048576K
}
Event: 50.121 GC heap before
{Heap before GC invocations=48 (full 0):
 garbage-first heap   total 291840K, used 220044K [0x0000000080000000, 0x0000000100000000)
  region size 1024K, 60 young (61440K), 4 survivors (4096K)
 Metaspace       used 122319K, committed 123072K, reserved 1179648K
  class space    used 15559K, committed 15936K, reserved 1048576K
}
Event: 50.137 GC heap after
{Heap after GC invocations=49 (full 0):
 garbage-first heap   total 291840K, used 160955K [0x0000000080000000, 0x0000000100000000)
  region size 1024K, 8 young (8192K), 8 survivors (8192K)
 Metaspace       used 122319K, committed 123072K, reserved 1179648K
  class space    used 15559K, committed 15936K, reserved 1048576K
}
Event: 50.360 GC heap before
{Heap before GC invocations=49 (full 0):
 garbage-first heap   total 291840K, used 167099K [0x0000000080000000, 0x0000000100000000)
  region size 1024K, 14 young (14336K), 8 survivors (8192K)
 Metaspace       used 122996K, committed 123776K, reserved 1179648K
  class space    used 15650K, committed 16000K, reserved 1048576K
}
Event: 50.381 GC heap after
{Heap after GC invocations=50 (full 0):
 garbage-first heap   total 291840K, used 145473K [0x0000000080000000, 0x0000000100000000)
  region size 1024K, 2 young (2048K), 2 survivors (2048K)
 Metaspace       used 122996K, committed 123776K, reserved 1179648K
  class space    used 15650K, committed 16000K, reserved 1048576K
}
Event: 52.683 GC heap before
{Heap before GC invocations=50 (full 0):
 garbage-first heap   total 291840K, used 228417K [0x0000000080000000, 0x0000000100000000)
  region size 1024K, 82 young (83968K), 2 survivors (2048K)
 Metaspace       used 127873K, committed 128704K, reserved 1179648K
  class space    used 16198K, committed 16576K, reserved 1048576K
}

