# JRE version: OpenJDK Runtime Environment (17.0.6) (build 17.0.6+0-b2043.56-10027231)
# Java VM: OpenJDK 64-Bit Server VM (17.0.6+0-b2043.56-10027231, mixed mode, tiered, compressed oops, compressed class ptrs, g1 gc, windows-amd64)
GC Precious Log:
 CPUs: 4 total, 4 available
 Memory: 8030M
 Large Page Support: Disabled
 NUMA Support: Disabled
 Compressed Oops: Enabled (32-bit)
 Heap Region Size: 1M
 Heap Min Capacity: 8M
 Heap Initial Capacity: 126M
 Heap Max Capacity: 2G
 Pre-touch: Disabled
 Parallel Workers: 4
 Concurrent Workers: 1
 Concurrent Refinement Workers: 4
 Periodic GC: Disabled
Heap:
 garbage-first heap   total 206848K, used 125848K [0x0000000080000000, 0x0000000100000000)
  region size 1024K, 5 young (5120K), 5 survivors (5120K)
 Metaspace       used 112192K, committed 112832K, reserved 1155072K
  class space    used 14419K, committed 14720K, reserved 1048576K
GC Heap History (20 events):
Event: 14.292 GC heap after
{Heap after GC invocations=38 (full 0):
 garbage-first heap   total 171008K, used 100510K [0x0000000080000000, 0x0000000100000000)
  region size 1024K, 6 young (6144K), 6 survivors (6144K)
 Metaspace       used 77972K, committed 78592K, reserved 1122304K
  class space    used 10437K, committed 10688K, reserved 1048576K
}
Event: 15.071 GC heap before
{Heap before GC invocations=38 (full 0):
 garbage-first heap   total 171008K, used 138398K [0x0000000080000000, 0x0000000100000000)
  region size 1024K, 43 young (44032K), 6 survivors (6144K)
 Metaspace       used 82889K, committed 83456K, reserved 1122304K
  class space    used 11003K, committed 11264K, reserved 1048576K
}
Event: 15.082 GC heap after
{Heap after GC invocations=39 (full 0):
 garbage-first heap   total 205824K, used 103330K [0x0000000080000000, 0x0000000100000000)
  region size 1024K, 3 young (3072K), 3 survivors (3072K)
 Metaspace       used 82889K, committed 83456K, reserved 1122304K
  class space    used 11003K, committed 11264K, reserved 1048576K
}
Event: 16.080 GC heap before
{Heap before GC invocations=40 (full 0):
 garbage-first heap   total 205824K, used 160674K [0x0000000080000000, 0x0000000100000000)
  region size 1024K, 58 young (59392K), 3 survivors (3072K)
 Metaspace       used 87755K, committed 88384K, reserved 1130496K
  class space    used 11620K, committed 11904K, reserved 1048576K
}
Event: 16.092 GC heap after
{Heap after GC invocations=41 (full 0):
 garbage-first heap   total 205824K, used 106144K [0x0000000080000000, 0x0000000100000000)
  region size 1024K, 6 young (6144K), 6 survivors (6144K)
 Metaspace       used 87755K, committed 88384K, reserved 1130496K
  class space    used 11620K, committed 11904K, reserved 1048576K
}
Event: 16.187 GC heap before
{Heap before GC invocations=41 (full 0):
 garbage-first heap   total 205824K, used 110240K [0x0000000080000000, 0x0000000100000000)
  region size 1024K, 10 young (10240K), 6 survivors (6144K)
 Metaspace       used 88115K, committed 88704K, reserved 1130496K
  class space    used 11666K, committed 11904K, reserved 1048576K
}
Event: 16.198 GC heap after
{Heap after GC invocations=42 (full 0):
 garbage-first heap   total 205824K, used 106296K [0x0000000080000000, 0x0000000100000000)
  region size 1024K, 1 young (1024K), 1 survivors (1024K)
 Metaspace       used 88115K, committed 88704K, reserved 1130496K
  class space    used 11666K, committed 11904K, reserved 1048576K
}
Event: 17.381 GC heap before
{Heap before GC invocations=42 (full 0):
 garbage-first heap   total 205824K, used 167736K [0x0000000080000000, 0x0000000100000000)
  region size 1024K, 61 young (62464K), 1 survivors (1024K)
 Metaspace       used 92527K, committed 93056K, reserved 1130496K
  class space    used 12172K, committed 12416K, reserved 1048576K
}
Event: 17.389 GC heap after
{Heap after GC invocations=43 (full 0):
 garbage-first heap   total 205824K, used 110032K [0x0000000080000000, 0x0000000100000000)
  region size 1024K, 5 young (5120K), 5 survivors (5120K)
 Metaspace       used 92527K, committed 93056K, reserved 1130496K
  class space    used 12172K, committed 12416K, reserved 1048576K
}
Event: 18.436 GC heap before
{Heap before GC invocations=44 (full 0):
 garbage-first heap   total 205824K, used 168400K [0x0000000080000000, 0x0000000100000000)
  region size 1024K, 62 young (63488K), 5 survivors (5120K)
 Metaspace       used 99678K, committed 100288K, reserved 1138688K
  class space    used 13013K, committed 13248K, reserved 1048576K
}
Event: 18.448 GC heap after
{Heap after GC invocations=45 (full 0):
 garbage-first heap   total 205824K, used 114059K [0x0000000080000000, 0x0000000100000000)
  region size 1024K, 4 young (4096K), 4 survivors (4096K)
 Metaspace       used 99678K, committed 100288K, reserved 1138688K
  class space    used 13013K, committed 13248K, reserved 1048576K
}
Event: 18.566 GC heap before
{Heap before GC invocations=45 (full 0):
 garbage-first heap   total 205824K, used 119179K [0x0000000080000000, 0x0000000100000000)
  region size 1024K, 10 young (10240K), 4 survivors (4096K)
 Metaspace       used 100982K, committed 101632K, reserved 1138688K
  class space    used 13099K, committed 13376K, reserved 1048576K
}
Event: 18.576 GC heap after
{Heap after GC invocations=46 (full 0):
 garbage-first heap   total 205824K, used 113901K [0x0000000080000000, 0x0000000100000000)
  region size 1024K, 1 young (1024K), 1 survivors (1024K)
 Metaspace       used 100982K, committed 101632K, reserved 1138688K
  class space    used 13099K, committed 13376K, reserved 1048576K
}
Event: 19.545 GC heap before
{Heap before GC invocations=46 (full 0):
 garbage-first heap   total 205824K, used 170221K [0x0000000080000000, 0x0000000100000000)
  region size 1024K, 56 young (57344K), 1 survivors (1024K)
 Metaspace       used 108895K, committed 109504K, reserved 1146880K
  class space    used 14020K, committed 14272K, reserved 1048576K
}
Event: 19.557 GC heap after
{Heap after GC invocations=47 (full 0):
 garbage-first heap   total 205824K, used 116006K [0x0000000080000000, 0x0000000100000000)
  region size 1024K, 3 young (3072K), 3 survivors (3072K)
 Metaspace       used 108895K, committed 109504K, reserved 1146880K
  class space    used 14020K, committed 14272K, reserved 1048576K
}
Event: 20.251 GC heap before
{Heap before GC invocations=48 (full 0):
 garbage-first heap   total 206848K, used 172326K [0x0000000080000000, 0x0000000100000000)
  region size 1024K, 57 young (58368K), 3 survivors (3072K)
 Metaspace       used 109219K, committed 109824K, reserved 1146880K
  class space    used 14020K, committed 14272K, reserved 1048576K
}
Event: 20.263 GC heap after
{Heap after GC invocations=49 (full 0):
 garbage-first heap   total 206848K, used 121485K [0x0000000080000000, 0x0000000100000000)
  region size 1024K, 8 young (8192K), 8 survivors (8192K)
 Metaspace       used 109219K, committed 109824K, reserved 1146880K
  class space    used 14020K, committed 14272K, reserved 1048576K
}
Event: 20.288 GC heap before
{Heap before GC invocations=49 (full 0):
 garbage-first heap   total 206848K, used 123533K [0x0000000080000000, 0x0000000100000000)
  region size 1024K, 10 young (10240K), 8 survivors (8192K)
 Metaspace       used 109221K, committed 109824K, reserved 1146880K
  class space    used 14020K, committed 14272K, reserved 1048576K
}
Event: 20.300 GC heap after
{Heap after GC invocations=50 (full 0):
 garbage-first heap   total 206848K, used 122314K [0x0000000080000000, 0x0000000100000000)
  region size 1024K, 2 young (2048K), 2 survivors (2048K)
 Metaspace       used 109221K, committed 109824K, reserved 1146880K
  class space    used 14020K, committed 14272K, reserved 1048576K
}
Event: 21.542 GC heap before
{Heap before GC invocations=50 (full 0):
 garbage-first heap   total 206848K, used 171466K [0x0000000080000000, 0x0000000100000000)
  region size 1024K, 50 young (51200K), 2 survivors (2048K)
 Metaspace       used 112192K, committed 112832K, reserved 1155072K
  class space    used 14419K, committed 14720K, reserved 1048576K
}

