# JRE version: OpenJDK Runtime Environment Zulu17.46+19-CA (17.0.9+8) (build 17.0.9+8-LTS)
# Java VM: OpenJDK 64-Bit Server VM Zulu17.46+19-CA (17.0.9+8-LTS, mixed mode, sharing, tiered, compressed oops, compressed class ptrs, g1 gc, windows-amd64)
GC Precious Log:
 CPUs: 4 total, 4 available
 Memory: 8030M
 Large Page Support: Disabled
 NUMA Support: Disabled
 Compressed Oops: Enabled (32-bit)
 Heap Region Size: 1M
 Heap Min Capacity: 8M
 Heap Initial Capacity: 126M
 Heap Max Capacity: 2G
 Pre-touch: Disabled
 Parallel Workers: 4
 Concurrent Workers: 1
 Concurrent Refinement Workers: 4
 Periodic GC: Disabled
Heap:
 garbage-first heap   total 302080K, used 185220K [0x0000000080000000, 0x0000000100000000)
  region size 1024K, 14 young (14336K), 7 survivors (7168K)
 Metaspace       used 131772K, committed 132544K, reserved 1179648K
  class space    used 17135K, committed 17472K, reserved 1048576K
GC Heap History (20 events):
Event: 26.149 GC heap before
{Heap before GC invocations=30 (full 0):
 garbage-first heap   total 280576K, used 224124K [0x0000000080000000, 0x0000000100000000)
  region size 1024K, 103 young (105472K), 2 survivors (2048K)
 Metaspace       used 82148K, committed 82944K, reserved 1179648K
  class space    used 11390K, committed 11776K, reserved 1048576K
}
Event: 26.186 GC heap after
{Heap after GC invocations=31 (full 0):
 garbage-first heap   total 280576K, used 132507K [0x0000000080000000, 0x0000000100000000)
  region size 1024K, 13 young (13312K), 13 survivors (13312K)
 Metaspace       used 82148K, committed 82944K, reserved 1179648K
  class space    used 11390K, committed 11776K, reserved 1048576K
}
Event: 27.764 GC heap before
{Heap before GC invocations=31 (full 0):
 garbage-first heap   total 280576K, used 222619K [0x0000000080000000, 0x0000000100000000)
  region size 1024K, 95 young (97280K), 13 survivors (13312K)
 Metaspace       used 87179K, committed 88000K, reserved 1179648K
  class space    used 11918K, committed 12288K, reserved 1048576K
}
Event: 27.825 GC heap after
{Heap after GC invocations=32 (full 0):
 garbage-first heap   total 280576K, used 153161K [0x0000000080000000, 0x0000000100000000)
  region size 1024K, 12 young (12288K), 12 survivors (12288K)
 Metaspace       used 87179K, committed 88000K, reserved 1179648K
  class space    used 11918K, committed 12288K, reserved 1048576K
}
Event: 29.644 GC heap before
{Heap before GC invocations=32 (full 0):
 garbage-first heap   total 280576K, used 220745K [0x0000000080000000, 0x0000000100000000)
  region size 1024K, 78 young (79872K), 12 survivors (12288K)
 Metaspace       used 96239K, committed 96960K, reserved 1179648K
  class space    used 12836K, committed 13184K, reserved 1048576K
}
Event: 29.674 GC heap after
{Heap after GC invocations=33 (full 0):
 garbage-first heap   total 280576K, used 159744K [0x0000000080000000, 0x0000000100000000)
  region size 1024K, 6 young (6144K), 6 survivors (6144K)
 Metaspace       used 96239K, committed 96960K, reserved 1179648K
  class space    used 12836K, committed 13184K, reserved 1048576K
}
Event: 31.289 GC heap before
{Heap before GC invocations=33 (full 0):
 garbage-first heap   total 280576K, used 225280K [0x0000000080000000, 0x0000000100000000)
  region size 1024K, 69 young (70656K), 6 survivors (6144K)
 Metaspace       used 101189K, committed 102016K, reserved 1179648K
  class space    used 13449K, committed 13824K, reserved 1048576K
}
Event: 31.310 GC heap after
{Heap after GC invocations=34 (full 0):
 garbage-first heap   total 280576K, used 162610K [0x0000000080000000, 0x0000000100000000)
  region size 1024K, 9 young (9216K), 9 survivors (9216K)
 Metaspace       used 101189K, committed 102016K, reserved 1179648K
  class space    used 13449K, committed 13824K, reserved 1048576K
}
Event: 33.022 GC heap before
{Heap before GC invocations=34 (full 0):
 garbage-first heap   total 280576K, used 228146K [0x0000000080000000, 0x0000000100000000)
  region size 1024K, 73 young (74752K), 9 survivors (9216K)
 Metaspace       used 103443K, committed 104192K, reserved 1179648K
  class space    used 13669K, committed 14016K, reserved 1048576K
}
Event: 33.045 GC heap after
{Heap after GC invocations=35 (full 0):
 garbage-first heap   total 280576K, used 168666K [0x0000000080000000, 0x0000000100000000)
  region size 1024K, 10 young (10240K), 10 survivors (10240K)
 Metaspace       used 103443K, committed 104192K, reserved 1179648K
  class space    used 13669K, committed 14016K, reserved 1048576K
}
Event: 33.360 GC heap before
{Heap before GC invocations=35 (full 0):
 garbage-first heap   total 280576K, used 175834K [0x0000000080000000, 0x0000000100000000)
  region size 1024K, 18 young (18432K), 10 survivors (10240K)
 Metaspace       used 104196K, committed 104960K, reserved 1179648K
  class space    used 13761K, committed 14144K, reserved 1048576K
}
Event: 33.378 GC heap after
{Heap after GC invocations=36 (full 0):
 garbage-first heap   total 280576K, used 170204K [0x0000000080000000, 0x0000000100000000)
  region size 1024K, 2 young (2048K), 2 survivors (2048K)
 Metaspace       used 104196K, committed 104960K, reserved 1179648K
  class space    used 13761K, committed 14144K, reserved 1048576K
}
Event: 36.419 GC heap before
{Heap before GC invocations=37 (full 0):
 garbage-first heap   total 299008K, used 233692K [0x0000000080000000, 0x0000000100000000)
  region size 1024K, 64 young (65536K), 2 survivors (2048K)
 Metaspace       used 110305K, committed 111040K, reserved 1179648K
  class space    used 14359K, committed 14720K, reserved 1048576K
}
Event: 36.435 GC heap after
{Heap after GC invocations=38 (full 0):
 garbage-first heap   total 299008K, used 174597K [0x0000000080000000, 0x0000000100000000)
  region size 1024K, 7 young (7168K), 7 survivors (7168K)
 Metaspace       used 110305K, committed 111040K, reserved 1179648K
  class space    used 14359K, committed 14720K, reserved 1048576K
}
Event: 36.691 GC heap before
{Heap before GC invocations=38 (full 0):
 garbage-first heap   total 299008K, used 180741K [0x0000000080000000, 0x0000000100000000)
  region size 1024K, 14 young (14336K), 7 survivors (7168K)
 Metaspace       used 111477K, committed 112256K, reserved 1179648K
  class space    used 14491K, committed 14848K, reserved 1048576K
}
Event: 36.708 GC heap after
{Heap after GC invocations=39 (full 0):
 garbage-first heap   total 299008K, used 173349K [0x0000000080000000, 0x0000000100000000)
  region size 1024K, 1 young (1024K), 1 survivors (1024K)
 Metaspace       used 111477K, committed 112256K, reserved 1179648K
  class space    used 14491K, committed 14848K, reserved 1048576K
}
Event: 39.066 GC heap before
{Heap before GC invocations=39 (full 0):
 garbage-first heap   total 299008K, used 248101K [0x0000000080000000, 0x0000000100000000)
  region size 1024K, 74 young (75776K), 1 survivors (1024K)
 Metaspace       used 123092K, committed 123840K, reserved 1179648K
  class space    used 15759K, committed 16128K, reserved 1048576K
}
Event: 39.076 GC heap after
{Heap after GC invocations=40 (full 0):
 garbage-first heap   total 299008K, used 175543K [0x0000000080000000, 0x0000000100000000)
  region size 1024K, 4 young (4096K), 4 survivors (4096K)
 Metaspace       used 123092K, committed 123840K, reserved 1179648K
  class space    used 15759K, committed 16128K, reserved 1048576K
}
Event: 42.570 GC heap before
{Heap before GC invocations=41 (full 0):
 garbage-first heap   total 302080K, used 249271K [0x0000000080000000, 0x0000000100000000)
  region size 1024K, 76 young (77824K), 4 survivors (4096K)
 Metaspace       used 131199K, committed 132032K, reserved 1179648K
  class space    used 17057K, committed 17408K, reserved 1048576K
}
Event: 42.587 GC heap after
{Heap after GC invocations=42 (full 0):
 garbage-first heap   total 302080K, used 179076K [0x0000000080000000, 0x0000000100000000)
  region size 1024K, 7 young (7168K), 7 survivors (7168K)
 Metaspace       used 131199K, committed 132032K, reserved 1179648K
  class space    used 17057K, committed 17408K, reserved 1048576K
}

