# JRE version: OpenJDK Runtime Environment (17.0.6) (build 17.0.6+0-b2043.56-10027231)
# Java VM: OpenJDK 64-Bit Server VM (17.0.6+0-b2043.56-10027231, mixed mode, tiered, compressed oops, compressed class ptrs, g1 gc, windows-amd64)
GC Precious Log:
 CPUs: 4 total, 4 available
 Memory: 8030M
 Large Page Support: Disabled
 NUMA Support: Disabled
 Compressed Oops: Enabled (32-bit)
 Heap Region Size: 1M
 Heap Min Capacity: 8M
 Heap Initial Capacity: 126M
 Heap Max Capacity: 2G
 Pre-touch: Disabled
 Parallel Workers: 4
 Concurrent Workers: 1
 Concurrent Refinement Workers: 4
 Periodic GC: Disabled
Heap:
 garbage-first heap   total 158720K, used 101226K [0x0000000080000000, 0x0000000100000000)
  region size 1024K, 7 young (7168K), 2 survivors (2048K)
 Metaspace       used 73668K, committed 74304K, reserved 1114112K
  class space    used 10067K, committed 10368K, reserved 1048576K
GC Heap History (20 events):
Event: 12.358 GC heap before
{Heap before GC invocations=16 (full 0):
 garbage-first heap   total 104448K, used 76944K [0x0000000080000000, 0x0000000100000000)
  region size 1024K, 20 young (20480K), 3 survivors (3072K)
 Metaspace       used 45098K, committed 45568K, reserved 1089536K
  class space    used 5956K, committed 6144K, reserved 1048576K
}
Event: 12.367 GC heap after
{Heap after GC invocations=17 (full 0):
 garbage-first heap   total 104448K, used 58890K [0x0000000080000000, 0x0000000100000000)
  region size 1024K, 3 young (3072K), 3 survivors (3072K)
 Metaspace       used 45098K, committed 45568K, reserved 1089536K
  class space    used 5956K, committed 6144K, reserved 1048576K
}
Event: 12.860 GC heap before
{Heap before GC invocations=17 (full 0):
 garbage-first heap   total 104448K, used 73226K [0x0000000080000000, 0x0000000100000000)
  region size 1024K, 18 young (18432K), 3 survivors (3072K)
 Metaspace       used 46638K, committed 47104K, reserved 1097728K
  class space    used 6188K, committed 6400K, reserved 1048576K
}
Event: 12.869 GC heap after
{Heap after GC invocations=18 (full 0):
 garbage-first heap   total 104448K, used 60598K [0x0000000080000000, 0x0000000100000000)
  region size 1024K, 4 young (4096K), 4 survivors (4096K)
 Metaspace       used 46638K, committed 47104K, reserved 1097728K
  class space    used 6188K, committed 6400K, reserved 1048576K
}
Event: 13.323 GC heap before
{Heap before GC invocations=19 (full 0):
 garbage-first heap   total 116736K, used 75958K [0x0000000080000000, 0x0000000100000000)
  region size 1024K, 15 young (15360K), 4 survivors (4096K)
 Metaspace       used 47366K, committed 47808K, reserved 1097728K
  class space    used 6271K, committed 6464K, reserved 1048576K
}
Event: 13.337 GC heap after
{Heap after GC invocations=20 (full 0):
 garbage-first heap   total 116736K, used 68966K [0x0000000080000000, 0x0000000100000000)
  region size 1024K, 4 young (4096K), 4 survivors (4096K)
 Metaspace       used 47366K, committed 47808K, reserved 1097728K
  class space    used 6271K, committed 6464K, reserved 1048576K
}
Event: 14.313 GC heap before
{Heap before GC invocations=21 (full 0):
 garbage-first heap   total 121856K, used 90470K [0x0000000080000000, 0x0000000100000000)
  region size 1024K, 24 young (24576K), 4 survivors (4096K)
 Metaspace       used 49682K, committed 50176K, reserved 1097728K
  class space    used 6509K, committed 6720K, reserved 1048576K
}
Event: 14.323 GC heap after
{Heap after GC invocations=22 (full 0):
 garbage-first heap   total 121856K, used 70303K [0x0000000080000000, 0x0000000100000000)
  region size 1024K, 2 young (2048K), 2 survivors (2048K)
 Metaspace       used 49682K, committed 50176K, reserved 1097728K
  class space    used 6509K, committed 6720K, reserved 1048576K
}
Event: 15.316 GC heap before
{Heap before GC invocations=22 (full 0):
 garbage-first heap   total 121856K, used 94879K [0x0000000080000000, 0x0000000100000000)
  region size 1024K, 26 young (26624K), 2 survivors (2048K)
 Metaspace       used 53426K, committed 54080K, reserved 1097728K
  class space    used 7393K, committed 7680K, reserved 1048576K
}
Event: 15.326 GC heap after
{Heap after GC invocations=23 (full 0):
 garbage-first heap   total 146432K, used 71377K [0x0000000080000000, 0x0000000100000000)
  region size 1024K, 3 young (3072K), 3 survivors (3072K)
 Metaspace       used 53426K, committed 54080K, reserved 1097728K
  class space    used 7393K, committed 7680K, reserved 1048576K
}
Event: 16.850 GC heap before
{Heap before GC invocations=24 (full 0):
 garbage-first heap   total 146432K, used 110289K [0x0000000080000000, 0x0000000100000000)
  region size 1024K, 41 young (41984K), 3 survivors (3072K)
 Metaspace       used 58765K, committed 59328K, reserved 1105920K
  class space    used 8261K, committed 8512K, reserved 1048576K
}
Event: 16.860 GC heap after
{Heap after GC invocations=25 (full 0):
 garbage-first heap   total 146432K, used 73104K [0x0000000080000000, 0x0000000100000000)
  region size 1024K, 5 young (5120K), 5 survivors (5120K)
 Metaspace       used 58765K, committed 59328K, reserved 1105920K
  class space    used 8261K, committed 8512K, reserved 1048576K
}
Event: 17.483 GC heap before
{Heap before GC invocations=25 (full 0):
 garbage-first heap   total 146432K, used 96656K [0x0000000080000000, 0x0000000100000000)
  region size 1024K, 29 young (29696K), 5 survivors (5120K)
 Metaspace       used 62713K, committed 63296K, reserved 1105920K
  class space    used 8738K, committed 9024K, reserved 1048576K
}
Event: 17.497 GC heap after
{Heap after GC invocations=26 (full 0):
 garbage-first heap   total 146432K, used 73914K [0x0000000080000000, 0x0000000100000000)
  region size 1024K, 4 young (4096K), 4 survivors (4096K)
 Metaspace       used 62713K, committed 63296K, reserved 1105920K
  class space    used 8738K, committed 9024K, reserved 1048576K
}
Event: 18.970 GC heap before
{Heap before GC invocations=27 (full 0):
 garbage-first heap   total 146432K, used 115898K [0x0000000080000000, 0x0000000100000000)
  region size 1024K, 42 young (43008K), 4 survivors (4096K)
 Metaspace       used 68949K, committed 69568K, reserved 1114112K
  class space    used 9527K, committed 9792K, reserved 1048576K
}
Event: 18.982 GC heap after
{Heap after GC invocations=28 (full 0):
 garbage-first heap   total 146432K, used 79034K [0x0000000080000000, 0x0000000100000000)
  region size 1024K, 4 young (4096K), 4 survivors (4096K)
 Metaspace       used 68949K, committed 69568K, reserved 1114112K
  class space    used 9527K, committed 9792K, reserved 1048576K
}
Event: 19.679 GC heap before
{Heap before GC invocations=29 (full 0):
 garbage-first heap   total 158720K, used 124090K [0x0000000080000000, 0x0000000100000000)
  region size 1024K, 42 young (43008K), 4 survivors (4096K)
 Metaspace       used 69366K, committed 70016K, reserved 1114112K
  class space    used 9564K, committed 9856K, reserved 1048576K
}
Event: 19.703 GC heap after
{Heap after GC invocations=30 (full 0):
 garbage-first heap   total 158720K, used 88514K [0x0000000080000000, 0x0000000100000000)
  region size 1024K, 6 young (6144K), 6 survivors (6144K)
 Metaspace       used 69366K, committed 70016K, reserved 1114112K
  class space    used 9564K, committed 9856K, reserved 1048576K
}
Event: 20.434 GC heap before
{Heap before GC invocations=30 (full 0):
 garbage-first heap   total 158720K, used 118210K [0x0000000080000000, 0x0000000100000000)
  region size 1024K, 36 young (36864K), 6 survivors (6144K)
 Metaspace       used 73348K, committed 73984K, reserved 1114112K
  class space    used 10038K, committed 10304K, reserved 1048576K
}
Event: 20.452 GC heap after
{Heap after GC invocations=31 (full 0):
 garbage-first heap   total 158720K, used 90986K [0x0000000080000000, 0x0000000100000000)
  region size 1024K, 2 young (2048K), 2 survivors (2048K)
 Metaspace       used 73348K, committed 73984K, reserved 1114112K
  class space    used 10038K, committed 10304K, reserved 1048576K
}

