# JRE version: OpenJDK Runtime Environment Zulu17.46+19-CA (17.0.9+8) (build 17.0.9+8-LTS)
# Java VM: OpenJDK 64-Bit Server VM Zulu17.46+19-CA (17.0.9+8-LTS, mixed mode, sharing, tiered, compressed oops, compressed class ptrs, g1 gc, windows-amd64)
GC Precious Log:
 CPUs: 4 total, 4 available
 Memory: 8030M
 Large Page Support: Disabled
 NUMA Support: Disabled
 Compressed Oops: Enabled (32-bit)
 Heap Region Size: 1M
 Heap Min Capacity: 8M
 Heap Initial Capacity: 126M
 Heap Max Capacity: 2G
 Pre-touch: Disabled
 Parallel Workers: 4
 Concurrent Workers: 1
 Concurrent Refinement Workers: 4
 Periodic GC: Disabled
Heap:
 garbage-first heap   total 278528K, used 160212K [0x0000000080000000, 0x0000000100000000)
  region size 1024K, 4 young (4096K), 4 survivors (4096K)
 Metaspace       used 100947K, committed 101632K, reserved 1179648K
  class space    used 13309K, committed 13632K, reserved 1048576K
GC Heap History (20 events):
Event: 28.369 GC heap after
{Heap after GC invocations=33 (full 0):
 garbage-first heap   total 223232K, used 103326K [0x0000000080000000, 0x0000000100000000)
  region size 1024K, 3 young (3072K), 3 survivors (3072K)
 Metaspace       used 67143K, committed 67776K, reserved 1114112K
  class space    used 9084K, committed 9408K, reserved 1048576K
}
Event: 31.621 GC heap before
{Heap before GC invocations=34 (full 0):
 garbage-first heap   total 223232K, used 173982K [0x0000000080000000, 0x0000000100000000)
  region size 1024K, 66 young (67584K), 3 survivors (3072K)
 Metaspace       used 74746K, committed 75392K, reserved 1114112K
  class space    used 10434K, committed 10752K, reserved 1048576K
}
Event: 31.636 GC heap after
{Heap after GC invocations=35 (full 0):
 garbage-first heap   total 223232K, used 107892K [0x0000000080000000, 0x0000000100000000)
  region size 1024K, 7 young (7168K), 7 survivors (7168K)
 Metaspace       used 74746K, committed 75392K, reserved 1114112K
  class space    used 10434K, committed 10752K, reserved 1048576K
}
Event: 31.770 GC heap before
{Heap before GC invocations=35 (full 0):
 garbage-first heap   total 223232K, used 110964K [0x0000000080000000, 0x0000000100000000)
  region size 1024K, 10 young (10240K), 7 survivors (7168K)
 Metaspace       used 75068K, committed 75776K, reserved 1114112K
  class space    used 10465K, committed 10816K, reserved 1048576K
}
Event: 31.783 GC heap after
{Heap after GC invocations=36 (full 0):
 garbage-first heap   total 223232K, used 108230K [0x0000000080000000, 0x0000000100000000)
  region size 1024K, 1 young (1024K), 1 survivors (1024K)
 Metaspace       used 75068K, committed 75776K, reserved 1114112K
  class space    used 10465K, committed 10816K, reserved 1048576K
}
Event: 33.028 GC heap before
{Heap before GC invocations=36 (full 0):
 garbage-first heap   total 223232K, used 172742K [0x0000000080000000, 0x0000000100000000)
  region size 1024K, 64 young (65536K), 1 survivors (1024K)
 Metaspace       used 75796K, committed 76480K, reserved 1179648K
  class space    used 10506K, committed 10816K, reserved 1048576K
}
Event: 33.031 GC heap after
{Heap after GC invocations=37 (full 0):
 garbage-first heap   total 223232K, used 109103K [0x0000000080000000, 0x0000000100000000)
  region size 1024K, 2 young (2048K), 2 survivors (2048K)
 Metaspace       used 75796K, committed 76480K, reserved 1179648K
  class space    used 10506K, committed 10816K, reserved 1048576K
}
Event: 37.659 GC heap before
{Heap before GC invocations=37 (full 0):
 garbage-first heap   total 223232K, used 175663K [0x0000000080000000, 0x0000000100000000)
  region size 1024K, 67 young (68608K), 2 survivors (2048K)
 Metaspace       used 80472K, committed 81152K, reserved 1179648K
  class space    used 11068K, committed 11392K, reserved 1048576K
}
Event: 37.671 GC heap after
{Heap after GC invocations=38 (full 0):
 garbage-first heap   total 223232K, used 110998K [0x0000000080000000, 0x0000000100000000)
  region size 1024K, 4 young (4096K), 4 survivors (4096K)
 Metaspace       used 80472K, committed 81152K, reserved 1179648K
  class space    used 11068K, committed 11392K, reserved 1048576K
}
Event: 42.424 GC heap before
{Heap before GC invocations=38 (full 0):
 garbage-first heap   total 223232K, used 188822K [0x0000000080000000, 0x0000000100000000)
  region size 1024K, 70 young (71680K), 4 survivors (4096K)
 Metaspace       used 86536K, committed 87296K, reserved 1179648K
  class space    used 11797K, committed 12160K, reserved 1048576K
}
Event: 42.455 GC heap after
{Heap after GC invocations=39 (full 0):
 garbage-first heap   total 223232K, used 124700K [0x0000000080000000, 0x0000000100000000)
  region size 1024K, 9 young (9216K), 9 survivors (9216K)
 Metaspace       used 86536K, committed 87296K, reserved 1179648K
  class space    used 11797K, committed 12160K, reserved 1048576K
}
Event: 43.026 GC heap before
{Heap before GC invocations=39 (full 0):
 garbage-first heap   total 223232K, used 178972K [0x0000000080000000, 0x0000000100000000)
  region size 1024K, 62 young (63488K), 9 survivors (9216K)
 Metaspace       used 86590K, committed 87360K, reserved 1179648K
  class space    used 11797K, committed 12160K, reserved 1048576K
}
Event: 43.082 GC heap after
{Heap after GC invocations=40 (full 0):
 garbage-first heap   total 223232K, used 141631K [0x0000000080000000, 0x0000000100000000)
  region size 1024K, 8 young (8192K), 8 survivors (8192K)
 Metaspace       used 86590K, committed 87360K, reserved 1179648K
  class space    used 11797K, committed 12160K, reserved 1048576K
}
Event: 44.057 GC heap before
{Heap before GC invocations=40 (full 0):
 garbage-first heap   total 223232K, used 175423K [0x0000000080000000, 0x0000000100000000)
  region size 1024K, 42 young (43008K), 8 survivors (8192K)
 Metaspace       used 90005K, committed 90688K, reserved 1179648K
  class space    used 12195K, committed 12544K, reserved 1048576K
}
Event: 44.078 GC heap after
{Heap after GC invocations=41 (full 0):
 garbage-first heap   total 223232K, used 145920K [0x0000000080000000, 0x0000000100000000)
  region size 1024K, 3 young (3072K), 3 survivors (3072K)
 Metaspace       used 90005K, committed 90688K, reserved 1179648K
  class space    used 12195K, committed 12544K, reserved 1048576K
}
Event: 45.053 GC heap before
{Heap before GC invocations=42 (full 0):
 garbage-first heap   total 278528K, used 187904K [0x0000000080000000, 0x0000000100000000)
  region size 1024K, 38 young (38912K), 3 survivors (3072K)
 Metaspace       used 92706K, committed 93376K, reserved 1179648K
  class space    used 12468K, committed 12800K, reserved 1048576K
}
Event: 45.067 GC heap after
{Heap after GC invocations=43 (full 0):
 garbage-first heap   total 278528K, used 157148K [0x0000000080000000, 0x0000000100000000)
  region size 1024K, 5 young (5120K), 5 survivors (5120K)
 Metaspace       used 92706K, committed 93376K, reserved 1179648K
  class space    used 12468K, committed 12800K, reserved 1048576K
}
Event: 45.264 GC heap before
{Heap before GC invocations=43 (full 0):
 garbage-first heap   total 278528K, used 164316K [0x0000000080000000, 0x0000000100000000)
  region size 1024K, 13 young (13312K), 5 survivors (5120K)
 Metaspace       used 93923K, committed 94656K, reserved 1179648K
  class space    used 12561K, committed 12928K, reserved 1048576K
}
Event: 45.277 GC heap after
{Heap after GC invocations=44 (full 0):
 garbage-first heap   total 278528K, used 157140K [0x0000000080000000, 0x0000000100000000)
  region size 1024K, 1 young (1024K), 1 survivors (1024K)
 Metaspace       used 93923K, committed 94656K, reserved 1179648K
  class space    used 12561K, committed 12928K, reserved 1048576K
}
Event: 47.122 GC heap before
{Heap before GC invocations=44 (full 0):
 garbage-first heap   total 278528K, used 211412K [0x0000000080000000, 0x0000000100000000)
  region size 1024K, 54 young (55296K), 1 survivors (1024K)
 Metaspace       used 100947K, committed 101632K, reserved 1179648K
  class space    used 13309K, committed 13632K, reserved 1048576K
}

