# JRE version: Java(TM) SE Runtime Environment (21.0.1+12) (build 21.0.1+12-LTS-29)
# Java VM: Java HotSpot(TM) 64-Bit Server VM (21.0.1+12-LTS-29, mixed mode, sharing, tiered, compressed oops, compressed class ptrs, g1 gc, windows-amd64)
GC Precious Log:
 CardTable entry size: 512
 Card Set container configuration: InlinePtr #cards 5 size 8 Array Of Cards #cards 12 size 40 Howl #buckets 4 coarsen threshold 1843 Howl Bitmap #cards 512 size 80 coarsen threshold 460 Card regions per heap region 1 cards per card region 2048
 CPUs: 4 total, 4 available
 Memory: 8030M
 Large Page Support: Disabled
 NUMA Support: Disabled
 Compressed Oops: Enabled (32-bit)
 Heap Region Size: 1M
 Heap Min Capacity: 8M
 Heap Initial Capacity: 126M
 Heap Max Capacity: 2G
 Pre-touch: Disabled
 Parallel Workers: 4
 Concurrent Workers: 1
 Concurrent Refinement Workers: 4
 Periodic GC: Disabled
Heap:
 garbage-first heap   total 244736K, used 186319K [0x0000000080000000, 0x0000000100000000)
  region size 1024K, 27 young (27648K), 4 survivors (4096K)
 Metaspace       used 104267K, committed 106624K, reserved 1179648K
  class space    used 14063K, committed 15232K, reserved 1048576K
GC Heap History (20 events):
Event: 13.533 GC heap before
{Heap before GC invocations=19 (full 0):
 garbage-first heap   total 148480K, used 129680K [0x0000000080000000, 0x0000000100000000)
  region size 1024K, 41 young (41984K), 7 survivors (7168K)
 Metaspace       used 56835K, committed 58624K, reserved 1114112K
  class space    used 7903K, committed 8768K, reserved 1048576K
}
Event: 13.544 GC heap after
{Heap after GC invocations=20 (full 0):
 garbage-first heap   total 148480K, used 96009K [0x0000000080000000, 0x0000000100000000)
  region size 1024K, 2 young (2048K), 2 survivors (2048K)
 Metaspace       used 56835K, committed 58624K, reserved 1114112K
  class space    used 7903K, committed 8768K, reserved 1048576K
}
Event: 14.087 GC heap before
{Heap before GC invocations=20 (full 0):
 garbage-first heap   total 148480K, used 112393K [0x0000000080000000, 0x0000000100000000)
  region size 1024K, 19 young (19456K), 2 survivors (2048K)
 Metaspace       used 60562K, committed 62528K, reserved 1114112K
  class space    used 8356K, committed 9344K, reserved 1048576K
}
Event: 14.095 GC heap after
{Heap after GC invocations=21 (full 0):
 garbage-first heap   total 148480K, used 98071K [0x0000000080000000, 0x0000000100000000)
  region size 1024K, 4 young (4096K), 4 survivors (4096K)
 Metaspace       used 60562K, committed 62528K, reserved 1114112K
  class space    used 8356K, committed 9344K, reserved 1048576K
}
Event: 14.801 GC heap before
{Heap before GC invocations=22 (full 0):
 garbage-first heap   total 186368K, used 138007K [0x0000000080000000, 0x0000000100000000)
  region size 1024K, 37 young (37888K), 4 survivors (4096K)
 Metaspace       used 62677K, committed 64640K, reserved 1114112K
  class space    used 8632K, committed 9600K, reserved 1048576K
}
Event: 14.812 GC heap after
{Heap after GC invocations=23 (full 0):
 garbage-first heap   total 186368K, used 100635K [0x0000000080000000, 0x0000000100000000)
  region size 1024K, 5 young (5120K), 5 survivors (5120K)
 Metaspace       used 62677K, committed 64640K, reserved 1114112K
  class space    used 8632K, committed 9600K, reserved 1048576K
}
Event: 16.000 GC heap before
{Heap before GC invocations=23 (full 0):
 garbage-first heap   total 186368K, used 152859K [0x0000000080000000, 0x0000000100000000)
  region size 1024K, 56 young (57344K), 5 survivors (5120K)
 Metaspace       used 68911K, committed 70912K, reserved 1114112K
  class space    used 9456K, committed 10432K, reserved 1048576K
}
Event: 16.015 GC heap after
{Heap after GC invocations=24 (full 0):
 garbage-first heap   total 224256K, used 103907K [0x0000000080000000, 0x0000000100000000)
  region size 1024K, 7 young (7168K), 7 survivors (7168K)
 Metaspace       used 68911K, committed 70912K, reserved 1114112K
  class space    used 9456K, committed 10432K, reserved 1048576K
}
Event: 17.393 GC heap before
{Heap before GC invocations=24 (full 0):
 garbage-first heap   total 224256K, used 176611K [0x0000000080000000, 0x0000000100000000)
  region size 1024K, 78 young (79872K), 7 survivors (7168K)
 Metaspace       used 75781K, committed 77824K, reserved 1179648K
  class space    used 10319K, committed 11328K, reserved 1048576K
}
Event: 17.411 GC heap after
{Heap after GC invocations=25 (full 0):
 garbage-first heap   total 224256K, used 110836K [0x0000000080000000, 0x0000000100000000)
  region size 1024K, 10 young (10240K), 10 survivors (10240K)
 Metaspace       used 75781K, committed 77824K, reserved 1179648K
  class space    used 10319K, committed 11328K, reserved 1048576K
}
Event: 18.760 GC heap before
{Heap before GC invocations=25 (full 0):
 garbage-first heap   total 224256K, used 193780K [0x0000000080000000, 0x0000000100000000)
  region size 1024K, 81 young (82944K), 10 survivors (10240K)
 Metaspace       used 85247K, committed 87296K, reserved 1179648K
  class space    used 11933K, committed 12928K, reserved 1048576K
}
Event: 18.794 GC heap after
{Heap after GC invocations=26 (full 0):
 garbage-first heap   total 224256K, used 132096K [0x0000000080000000, 0x0000000100000000)
  region size 1024K, 11 young (11264K), 11 survivors (11264K)
 Metaspace       used 85247K, committed 87296K, reserved 1179648K
  class space    used 11933K, committed 12928K, reserved 1048576K
}
Event: 19.224 GC heap before
{Heap before GC invocations=26 (full 0):
 garbage-first heap   total 224256K, used 191488K [0x0000000080000000, 0x0000000100000000)
  region size 1024K, 69 young (70656K), 11 survivors (11264K)
 Metaspace       used 85313K, committed 87296K, reserved 1179648K
  class space    used 11935K, committed 12928K, reserved 1048576K
}
Event: 19.267 GC heap after
{Heap after GC invocations=27 (full 0):
 garbage-first heap   total 224256K, used 141715K [0x0000000080000000, 0x0000000100000000)
  region size 1024K, 9 young (9216K), 9 survivors (9216K)
 Metaspace       used 85313K, committed 87296K, reserved 1179648K
  class space    used 11935K, committed 12928K, reserved 1048576K
}
Event: 20.248 GC heap before
{Heap before GC invocations=28 (full 0):
 garbage-first heap   total 244736K, used 197011K [0x0000000080000000, 0x0000000100000000)
  region size 1024K, 57 young (58368K), 9 survivors (9216K)
 Metaspace       used 89828K, committed 91904K, reserved 1179648K
  class space    used 12427K, committed 13440K, reserved 1048576K
}
Event: 20.268 GC heap after
{Heap after GC invocations=29 (full 0):
 garbage-first heap   total 244736K, used 154538K [0x0000000080000000, 0x0000000100000000)
  region size 1024K, 6 young (6144K), 6 survivors (6144K)
 Metaspace       used 89828K, committed 91904K, reserved 1179648K
  class space    used 12427K, committed 13440K, reserved 1048576K
}
Event: 21.383 GC heap before
{Heap before GC invocations=29 (full 0):
 garbage-first heap   total 244736K, used 210858K [0x0000000080000000, 0x0000000100000000)
  region size 1024K, 61 young (62464K), 6 survivors (6144K)
 Metaspace       used 97132K, committed 99456K, reserved 1179648K
  class space    used 13187K, committed 14336K, reserved 1048576K
}
Event: 21.398 GC heap after
{Heap after GC invocations=30 (full 0):
 garbage-first heap   total 244736K, used 158572K [0x0000000080000000, 0x0000000100000000)
  region size 1024K, 5 young (5120K), 5 survivors (5120K)
 Metaspace       used 97132K, committed 99456K, reserved 1179648K
  class space    used 13187K, committed 14336K, reserved 1048576K
}
Event: 22.414 GC heap before
{Heap before GC invocations=30 (full 0):
 garbage-first heap   total 244736K, used 206700K [0x0000000080000000, 0x0000000100000000)
  region size 1024K, 53 young (54272K), 5 survivors (5120K)
 Metaspace       used 104077K, committed 106432K, reserved 1179648K
  class space    used 14052K, committed 15232K, reserved 1048576K
}
Event: 22.427 GC heap after
{Heap after GC invocations=31 (full 0):
 garbage-first heap   total 244736K, used 162767K [0x0000000080000000, 0x0000000100000000)
  region size 1024K, 4 young (4096K), 4 survivors (4096K)
 Metaspace       used 104077K, committed 106432K, reserved 1179648K
  class space    used 14052K, committed 15232K, reserved 1048576K
}

