# JRE version: OpenJDK Runtime Environment Zulu17.46+19-CA (17.0.9+8) (build 17.0.9+8-LTS)
# Java VM: OpenJDK 64-Bit Server VM Zulu17.46+19-CA (17.0.9+8-LTS, mixed mode, sharing, tiered, compressed oops, compressed class ptrs, g1 gc, windows-amd64)
GC Precious Log:
 CPUs: 4 total, 4 available
 Memory: 8030M
 Large Page Support: Disabled
 NUMA Support: Disabled
 Compressed Oops: Enabled (32-bit)
 Heap Region Size: 1M
 Heap Min Capacity: 8M
 Heap Initial Capacity: 126M
 Heap Max Capacity: 2G
 Pre-touch: Disabled
 Parallel Workers: 4
 Concurrent Workers: 1
 Concurrent Refinement Workers: 4
 Periodic GC: Disabled
Heap:
 garbage-first heap   total 280576K, used 164805K [0x0000000080000000, 0x0000000100000000)
  region size 1024K, 7 young (7168K), 7 survivors (7168K)
 Metaspace       used 102757K, committed 103488K, reserved 1179648K
  class space    used 13619K, committed 13952K, reserved 1048576K
GC Heap History (20 events):
Event: 33.804 GC heap after
{Heap after GC invocations=30 (full 0):
 garbage-first heap   total 189440K, used 98392K [0x0000000080000000, 0x0000000100000000)
  region size 1024K, 1 young (1024K), 1 survivors (1024K)
 Metaspace       used 59556K, committed 60224K, reserved 1114112K
  class space    used 8072K, committed 8384K, reserved 1048576K
}
Event: 34.824 GC heap before
{Heap before GC invocations=30 (full 0):
 garbage-first heap   total 189440K, used 143448K [0x0000000080000000, 0x0000000100000000)
  region size 1024K, 45 young (46080K), 1 survivors (1024K)
 Metaspace       used 64613K, committed 65280K, reserved 1114112K
  class space    used 8764K, committed 9088K, reserved 1048576K
}
Event: 34.829 GC heap after
{Heap after GC invocations=31 (full 0):
 garbage-first heap   total 189440K, used 100133K [0x0000000080000000, 0x0000000100000000)
  region size 1024K, 3 young (3072K), 3 survivors (3072K)
 Metaspace       used 64613K, committed 65280K, reserved 1114112K
  class space    used 8764K, committed 9088K, reserved 1048576K
}
Event: 35.819 GC heap before
{Heap before GC invocations=32 (full 0):
 garbage-first heap   total 189440K, used 147237K [0x0000000080000000, 0x0000000100000000)
  region size 1024K, 49 young (50176K), 3 survivors (3072K)
 Metaspace       used 68509K, committed 69184K, reserved 1114112K
  class space    used 9263K, committed 9600K, reserved 1048576K
}
Event: 35.835 GC heap after
{Heap after GC invocations=33 (full 0):
 garbage-first heap   total 189440K, used 106272K [0x0000000080000000, 0x0000000100000000)
  region size 1024K, 7 young (7168K), 7 survivors (7168K)
 Metaspace       used 68509K, committed 69184K, reserved 1114112K
  class space    used 9263K, committed 9600K, reserved 1048576K
}
Event: 35.861 GC heap before
{Heap before GC invocations=33 (full 0):
 garbage-first heap   total 189440K, used 108320K [0x0000000080000000, 0x0000000100000000)
  region size 1024K, 9 young (9216K), 7 survivors (7168K)
 Metaspace       used 68518K, committed 69184K, reserved 1114112K
  class space    used 9263K, committed 9600K, reserved 1048576K
}
Event: 35.872 GC heap after
{Heap after GC invocations=34 (full 0):
 garbage-first heap   total 269312K, used 107313K [0x0000000080000000, 0x0000000100000000)
  region size 1024K, 2 young (2048K), 2 survivors (2048K)
 Metaspace       used 68518K, committed 69184K, reserved 1114112K
  class space    used 9263K, committed 9600K, reserved 1048576K
}
Event: 37.786 GC heap before
{Heap before GC invocations=34 (full 0):
 garbage-first heap   total 269312K, used 198449K [0x0000000080000000, 0x0000000100000000)
  region size 1024K, 87 young (89088K), 2 survivors (2048K)
 Metaspace       used 81120K, committed 81920K, reserved 1179648K
  class space    used 11294K, committed 11648K, reserved 1048576K
}
Event: 37.797 GC heap after
{Heap after GC invocations=35 (full 0):
 garbage-first heap   total 269312K, used 114141K [0x0000000080000000, 0x0000000100000000)
  region size 1024K, 5 young (5120K), 5 survivors (5120K)
 Metaspace       used 81120K, committed 81920K, reserved 1179648K
  class space    used 11294K, committed 11648K, reserved 1048576K
}
Event: 38.507 GC heap before
{Heap before GC invocations=35 (full 0):
 garbage-first heap   total 269312K, used 206301K [0x0000000080000000, 0x0000000100000000)
  region size 1024K, 89 young (91136K), 5 survivors (5120K)
 Metaspace       used 81920K, committed 82688K, reserved 1179648K
  class space    used 11363K, committed 11712K, reserved 1048576K
}
Event: 38.555 GC heap after
{Heap after GC invocations=36 (full 0):
 garbage-first heap   total 269312K, used 139231K [0x0000000080000000, 0x0000000100000000)
  region size 1024K, 12 young (12288K), 12 survivors (12288K)
 Metaspace       used 81920K, committed 82688K, reserved 1179648K
  class space    used 11363K, committed 11712K, reserved 1048576K
}
Event: 39.632 GC heap before
{Heap before GC invocations=36 (full 0):
 garbage-first heap   total 269312K, used 210911K [0x0000000080000000, 0x0000000100000000)
  region size 1024K, 76 young (77824K), 12 survivors (12288K)
 Metaspace       used 87706K, committed 88448K, reserved 1179648K
  class space    used 11993K, committed 12352K, reserved 1048576K
}
Event: 39.659 GC heap after
{Heap after GC invocations=37 (full 0):
 garbage-first heap   total 269312K, used 153087K [0x0000000080000000, 0x0000000100000000)
  region size 1024K, 7 young (7168K), 7 survivors (7168K)
 Metaspace       used 87706K, committed 88448K, reserved 1179648K
  class space    used 11993K, committed 12352K, reserved 1048576K
}
Event: 40.822 GC heap before
{Heap before GC invocations=37 (full 0):
 garbage-first heap   total 269312K, used 211455K [0x0000000080000000, 0x0000000100000000)
  region size 1024K, 64 young (65536K), 7 survivors (7168K)
 Metaspace       used 95806K, committed 96576K, reserved 1179648K
  class space    used 12788K, committed 13120K, reserved 1048576K
}
Event: 40.838 GC heap after
{Heap after GC invocations=38 (full 0):
 garbage-first heap   total 269312K, used 157851K [0x0000000080000000, 0x0000000100000000)
  region size 1024K, 5 young (5120K), 5 survivors (5120K)
 Metaspace       used 95806K, committed 96576K, reserved 1179648K
  class space    used 12788K, committed 13120K, reserved 1048576K
}
Event: 41.880 GC heap before
{Heap before GC invocations=39 (full 0):
 garbage-first heap   total 280576K, used 216219K [0x0000000080000000, 0x0000000100000000)
  region size 1024K, 61 young (62464K), 5 survivors (5120K)
 Metaspace       used 100186K, committed 100928K, reserved 1179648K
  class space    used 13353K, committed 13696K, reserved 1048576K
}
Event: 41.890 GC heap after
{Heap after GC invocations=40 (full 0):
 garbage-first heap   total 280576K, used 160255K [0x0000000080000000, 0x0000000100000000)
  region size 1024K, 7 young (7168K), 7 survivors (7168K)
 Metaspace       used 100186K, committed 100928K, reserved 1179648K
  class space    used 13353K, committed 13696K, reserved 1048576K
}
Event: 42.055 GC heap before
{Heap before GC invocations=40 (full 0):
 garbage-first heap   total 280576K, used 166399K [0x0000000080000000, 0x0000000100000000)
  region size 1024K, 13 young (13312K), 7 survivors (7168K)
 Metaspace       used 100680K, committed 101440K, reserved 1179648K
  class space    used 13420K, committed 13760K, reserved 1048576K
}
Event: 42.065 GC heap after
{Heap after GC invocations=41 (full 0):
 garbage-first heap   total 280576K, used 159708K [0x0000000080000000, 0x0000000100000000)
  region size 1024K, 2 young (2048K), 2 survivors (2048K)
 Metaspace       used 100680K, committed 101440K, reserved 1179648K
  class space    used 13420K, committed 13760K, reserved 1048576K
}
Event: 43.200 GC heap before
{Heap before GC invocations=41 (full 0):
 garbage-first heap   total 280576K, used 226268K [0x0000000080000000, 0x0000000100000000)
  region size 1024K, 67 young (68608K), 2 survivors (2048K)
 Metaspace       used 102757K, committed 103488K, reserved 1179648K
  class space    used 13619K, committed 13952K, reserved 1048576K
}

