# JRE version: OpenJDK Runtime Environment (17.0.6) (build 17.0.6+0-b2043.56-10027231)
# Java VM: OpenJDK 64-Bit Server VM (17.0.6+0-b2043.56-10027231, mixed mode, tiered, compressed oops, compressed class ptrs, g1 gc, windows-amd64)
GC Precious Log:
 CPUs: 4 total, 4 available
 Memory: 8030M
 Large Page Support: Disabled
 NUMA Support: Disabled
 Compressed Oops: Enabled (32-bit)
 Heap Region Size: 1M
 Heap Min Capacity: 8M
 Heap Initial Capacity: 126M
 Heap Max Capacity: 2G
 Pre-touch: Disabled
 Parallel Workers: 4
 Concurrent Workers: 1
 Concurrent Refinement Workers: 4
 Periodic GC: Disabled
Heap:
 garbage-first heap   total 178176K, used 116852K [0x0000000080000000, 0x0000000100000000)
  region size 1024K, 18 young (18432K), 5 survivors (5120K)
 Metaspace       used 87142K, committed 87744K, reserved 1130496K
  class space    used 11525K, committed 11840K, reserved 1048576K
GC Heap History (20 events):
Event: 13.111 GC heap before
{Heap before GC invocations=25 (full 0):
 garbage-first heap   total 119808K, used 92705K [0x0000000080000000, 0x0000000100000000)
  region size 1024K, 27 young (27648K), 2 survivors (2048K)
 Metaspace       used 52808K, committed 53376K, reserved 1097728K
  class space    used 7186K, committed 7424K, reserved 1048576K
}
Event: 13.118 GC heap after
{Heap after GC invocations=26 (full 0):
 garbage-first heap   total 119808K, used 69239K [0x0000000080000000, 0x0000000100000000)
  region size 1024K, 3 young (3072K), 3 survivors (3072K)
 Metaspace       used 52808K, committed 53376K, reserved 1097728K
  class space    used 7186K, committed 7424K, reserved 1048576K
}
Event: 13.911 GC heap before
{Heap before GC invocations=27 (full 0):
 garbage-first heap   total 119808K, used 95863K [0x0000000080000000, 0x0000000100000000)
  region size 1024K, 29 young (29696K), 3 survivors (3072K)
 Metaspace       used 56757K, committed 57344K, reserved 1097728K
  class space    used 7937K, committed 8192K, reserved 1048576K
}
Event: 13.917 GC heap after
{Heap after GC invocations=28 (full 0):
 garbage-first heap   total 119808K, used 70454K [0x0000000080000000, 0x0000000100000000)
  region size 1024K, 3 young (3072K), 3 survivors (3072K)
 Metaspace       used 56757K, committed 57344K, reserved 1097728K
  class space    used 7937K, committed 8192K, reserved 1048576K
}
Event: 14.451 GC heap before
{Heap before GC invocations=28 (full 0):
 garbage-first heap   total 119808K, used 97078K [0x0000000080000000, 0x0000000100000000)
  region size 1024K, 29 young (29696K), 3 survivors (3072K)
 Metaspace       used 60608K, committed 61248K, reserved 1105920K
  class space    used 8435K, committed 8704K, reserved 1048576K
}
Event: 14.458 GC heap after
{Heap after GC invocations=29 (full 0):
 garbage-first heap   total 144384K, used 71623K [0x0000000080000000, 0x0000000100000000)
  region size 1024K, 3 young (3072K), 3 survivors (3072K)
 Metaspace       used 60608K, committed 61248K, reserved 1105920K
  class space    used 8435K, committed 8704K, reserved 1048576K
}
Event: 14.727 GC heap before
{Heap before GC invocations=30 (full 0):
 garbage-first heap   total 144384K, used 81863K [0x0000000080000000, 0x0000000100000000)
  region size 1024K, 14 young (14336K), 3 survivors (3072K)
 Metaspace       used 62326K, committed 62976K, reserved 1105920K
  class space    used 8651K, committed 8960K, reserved 1048576K
}
Event: 14.732 GC heap after
{Heap after GC invocations=31 (full 0):
 garbage-first heap   total 144384K, used 71839K [0x0000000080000000, 0x0000000100000000)
  region size 1024K, 3 young (3072K), 3 survivors (3072K)
 Metaspace       used 62326K, committed 62976K, reserved 1105920K
  class space    used 8651K, committed 8960K, reserved 1048576K
}
Event: 15.532 GC heap before
{Heap before GC invocations=32 (full 0):
 garbage-first heap   total 144384K, used 113823K [0x0000000080000000, 0x0000000100000000)
  region size 1024K, 41 young (41984K), 3 survivors (3072K)
 Metaspace       used 68608K, committed 69248K, reserved 1114112K
  class space    used 9449K, committed 9728K, reserved 1048576K
}
Event: 15.537 GC heap after
{Heap after GC invocations=33 (full 0):
 garbage-first heap   total 144384K, used 76884K [0x0000000080000000, 0x0000000100000000)
  region size 1024K, 4 young (4096K), 4 survivors (4096K)
 Metaspace       used 68608K, committed 69248K, reserved 1114112K
  class space    used 9449K, committed 9728K, reserved 1048576K
}
Event: 16.108 GC heap before
{Heap before GC invocations=34 (full 0):
 garbage-first heap   total 152576K, used 123988K [0x0000000080000000, 0x0000000100000000)
  region size 1024K, 44 young (45056K), 4 survivors (4096K)
 Metaspace       used 69127K, committed 69760K, reserved 1114112K
  class space    used 9498K, committed 9792K, reserved 1048576K
}
Event: 16.129 GC heap after
{Heap after GC invocations=35 (full 0):
 garbage-first heap   total 152576K, used 86210K [0x0000000080000000, 0x0000000100000000)
  region size 1024K, 6 young (6144K), 6 survivors (6144K)
 Metaspace       used 69127K, committed 69760K, reserved 1114112K
  class space    used 9498K, committed 9792K, reserved 1048576K
}
Event: 16.713 GC heap before
{Heap before GC invocations=35 (full 0):
 garbage-first heap   total 152576K, used 113858K [0x0000000080000000, 0x0000000100000000)
  region size 1024K, 34 young (34816K), 6 survivors (6144K)
 Metaspace       used 73015K, committed 73664K, reserved 1114112K
  class space    used 9959K, committed 10240K, reserved 1048576K
}
Event: 16.727 GC heap after
{Heap after GC invocations=36 (full 0):
 garbage-first heap   total 152576K, used 89308K [0x0000000080000000, 0x0000000100000000)
  region size 1024K, 3 young (3072K), 3 survivors (3072K)
 Metaspace       used 73015K, committed 73664K, reserved 1114112K
  class space    used 9959K, committed 10240K, reserved 1048576K
}
Event: 17.414 GC heap before
{Heap before GC invocations=37 (full 0):
 garbage-first heap   total 167936K, used 130268K [0x0000000080000000, 0x0000000100000000)
  region size 1024K, 37 young (37888K), 3 survivors (3072K)
 Metaspace       used 77391K, committed 78016K, reserved 1122304K
  class space    used 10372K, committed 10688K, reserved 1048576K
}
Event: 17.422 GC heap after
{Heap after GC invocations=38 (full 0):
 garbage-first heap   total 167936K, used 98304K [0x0000000080000000, 0x0000000100000000)
  region size 1024K, 5 young (5120K), 5 survivors (5120K)
 Metaspace       used 77391K, committed 78016K, reserved 1122304K
  class space    used 10372K, committed 10688K, reserved 1048576K
}
Event: 18.267 GC heap before
{Heap before GC invocations=38 (full 0):
 garbage-first heap   total 167936K, used 136192K [0x0000000080000000, 0x0000000100000000)
  region size 1024K, 42 young (43008K), 5 survivors (5120K)
 Metaspace       used 82390K, committed 83008K, reserved 1122304K
  class space    used 10929K, committed 11200K, reserved 1048576K
}
Event: 18.277 GC heap after
{Heap after GC invocations=39 (full 0):
 garbage-first heap   total 167936K, used 101204K [0x0000000080000000, 0x0000000100000000)
  region size 1024K, 3 young (3072K), 3 survivors (3072K)
 Metaspace       used 82390K, committed 83008K, reserved 1122304K
  class space    used 10929K, committed 11200K, reserved 1048576K
}
Event: 19.072 GC heap before
{Heap before GC invocations=40 (full 0):
 garbage-first heap   total 178176K, used 131924K [0x0000000080000000, 0x0000000100000000)
  region size 1024K, 34 young (34816K), 3 survivors (3072K)
 Metaspace       used 87052K, committed 87680K, reserved 1130496K
  class space    used 11525K, committed 11840K, reserved 1048576K
}
Event: 19.082 GC heap after
{Heap after GC invocations=41 (full 0):
 garbage-first heap   total 178176K, used 103540K [0x0000000080000000, 0x0000000100000000)
  region size 1024K, 5 young (5120K), 5 survivors (5120K)
 Metaspace       used 87052K, committed 87680K, reserved 1130496K
  class space    used 11525K, committed 11840K, reserved 1048576K
}

