# JRE version: OpenJDK Runtime Environment (17.0.6) (build 17.0.6+0-b2043.56-10027231)
# Java VM: OpenJDK 64-Bit Server VM (17.0.6+0-b2043.56-10027231, mixed mode, tiered, compressed oops, compressed class ptrs, g1 gc, windows-amd64)
GC Precious Log:
 CPUs: 4 total, 4 available
 Memory: 8030M
 Large Page Support: Disabled
 NUMA Support: Disabled
 Compressed Oops: Enabled (32-bit)
 Heap Region Size: 1M
 Heap Min Capacity: 8M
 Heap Initial Capacity: 126M
 Heap Max Capacity: 2G
 Pre-touch: Disabled
 Parallel Workers: 4
 Concurrent Workers: 1
 Concurrent Refinement Workers: 4
 Periodic GC: Disabled
Heap:
 garbage-first heap   total 134144K, used 71166K [0x0000000080000000, 0x0000000100000000)
  region size 1024K, 5 young (5120K), 4 survivors (4096K)
 Metaspace       used 50306K, committed 50880K, reserved 1097728K
  class space    used 6612K, committed 6848K, reserved 1048576K
GC Heap History (20 events):
Event: 17.030 GC heap before
{Heap before GC invocations=10 (full 0):
 garbage-first heap   total 81920K, used 58312K [0x0000000080000000, 0x0000000100000000)
  region size 1024K, 13 young (13312K), 1 survivors (1024K)
 Metaspace       used 30920K, committed 31360K, reserved 1081344K
  class space    used 4212K, committed 4416K, reserved 1048576K
}
Event: 17.034 GC heap after
{Heap after GC invocations=11 (full 0):
 garbage-first heap   total 81920K, used 49030K [0x0000000080000000, 0x0000000100000000)
  region size 1024K, 2 young (2048K), 2 survivors (2048K)
 Metaspace       used 30920K, committed 31360K, reserved 1081344K
  class space    used 4212K, committed 4416K, reserved 1048576K
}
Event: 17.741 GC heap before
{Heap before GC invocations=11 (full 0):
 garbage-first heap   total 81920K, used 64390K [0x0000000080000000, 0x0000000100000000)
  region size 1024K, 17 young (17408K), 2 survivors (2048K)
 Metaspace       used 33001K, committed 33408K, reserved 1081344K
  class space    used 4564K, committed 4736K, reserved 1048576K
}
Event: 17.746 GC heap after
{Heap after GC invocations=12 (full 0):
 garbage-first heap   total 81920K, used 49944K [0x0000000080000000, 0x0000000100000000)
  region size 1024K, 1 young (1024K), 1 survivors (1024K)
 Metaspace       used 33001K, committed 33408K, reserved 1081344K
  class space    used 4564K, committed 4736K, reserved 1048576K
}
Event: 18.277 GC heap before
{Heap before GC invocations=13 (full 0):
 garbage-first heap   total 87040K, used 65304K [0x0000000080000000, 0x0000000100000000)
  region size 1024K, 16 young (16384K), 1 survivors (1024K)
 Metaspace       used 35634K, committed 35968K, reserved 1081344K
  class space    used 4949K, committed 5120K, reserved 1048576K
}
Event: 18.282 GC heap after
{Heap after GC invocations=14 (full 0):
 garbage-first heap   total 87040K, used 50512K [0x0000000080000000, 0x0000000100000000)
  region size 1024K, 2 young (2048K), 2 survivors (2048K)
 Metaspace       used 35634K, committed 35968K, reserved 1081344K
  class space    used 4949K, committed 5120K, reserved 1048576K
}
Event: 19.216 GC heap before
{Heap before GC invocations=14 (full 0):
 garbage-first heap   total 87040K, used 68944K [0x0000000080000000, 0x0000000100000000)
  region size 1024K, 21 young (21504K), 2 survivors (2048K)
 Metaspace       used 41292K, committed 41664K, reserved 1089536K
  class space    used 5534K, committed 5696K, reserved 1048576K
}
Event: 19.228 GC heap after
{Heap after GC invocations=15 (full 0):
 garbage-first heap   total 87040K, used 54298K [0x0000000080000000, 0x0000000100000000)
  region size 1024K, 3 young (3072K), 3 survivors (3072K)
 Metaspace       used 41292K, committed 41664K, reserved 1089536K
  class space    used 5534K, committed 5696K, reserved 1048576K
}
Event: 19.843 GC heap before
{Heap before GC invocations=16 (full 0):
 garbage-first heap   total 94208K, used 68634K [0x0000000080000000, 0x0000000100000000)
  region size 1024K, 17 young (17408K), 3 survivors (3072K)
 Metaspace       used 41747K, committed 42112K, reserved 1089536K
  class space    used 5575K, committed 5760K, reserved 1048576K
}
Event: 19.854 GC heap after
{Heap after GC invocations=17 (full 0):
 garbage-first heap   total 94208K, used 56319K [0x0000000080000000, 0x0000000100000000)
  region size 1024K, 2 young (2048K), 2 survivors (2048K)
 Metaspace       used 41747K, committed 42112K, reserved 1089536K
  class space    used 5575K, committed 5760K, reserved 1048576K
}
Event: 20.900 GC heap before
{Heap before GC invocations=17 (full 0):
 garbage-first heap   total 94208K, used 65535K [0x0000000080000000, 0x0000000100000000)
  region size 1024K, 13 young (13312K), 2 survivors (2048K)
 Metaspace       used 42215K, committed 42624K, reserved 1089536K
  class space    used 5621K, committed 5824K, reserved 1048576K
}
Event: 20.907 GC heap after
{Heap after GC invocations=18 (full 0):
 garbage-first heap   total 134144K, used 57607K [0x0000000080000000, 0x0000000100000000)
  region size 1024K, 2 young (2048K), 2 survivors (2048K)
 Metaspace       used 42215K, committed 42624K, reserved 1089536K
  class space    used 5621K, committed 5824K, reserved 1048576K
}
Event: 27.995 GC heap before
{Heap before GC invocations=18 (full 0):
 garbage-first heap   total 134144K, used 92423K [0x0000000080000000, 0x0000000100000000)
  region size 1024K, 34 young (34816K), 2 survivors (2048K)
 Metaspace       used 46728K, committed 47168K, reserved 1097728K
  class space    used 6196K, committed 6400K, reserved 1048576K
}
Event: 28.007 GC heap after
{Heap after GC invocations=19 (full 0):
 garbage-first heap   total 134144K, used 60847K [0x0000000080000000, 0x0000000100000000)
  region size 1024K, 5 young (5120K), 5 survivors (5120K)
 Metaspace       used 46728K, committed 47168K, reserved 1097728K
  class space    used 6196K, committed 6400K, reserved 1048576K
}
Event: 28.057 GC heap before
{Heap before GC invocations=19 (full 0):
 garbage-first heap   total 134144K, used 63919K [0x0000000080000000, 0x0000000100000000)
  region size 1024K, 6 young (6144K), 5 survivors (5120K)
 Metaspace       used 46733K, committed 47168K, reserved 1097728K
  class space    used 6196K, committed 6400K, reserved 1048576K
}
Event: 28.076 GC heap after
{Heap after GC invocations=20 (full 0):
 garbage-first heap   total 134144K, used 64653K [0x0000000080000000, 0x0000000100000000)
  region size 1024K, 1 young (1024K), 1 survivors (1024K)
 Metaspace       used 46733K, committed 47168K, reserved 1097728K
  class space    used 6196K, committed 6400K, reserved 1048576K
}
Event: 30.562 GC heap before
{Heap before GC invocations=21 (full 0):
 garbage-first heap   total 134144K, used 76941K [0x0000000080000000, 0x0000000100000000)
  region size 1024K, 12 young (12288K), 1 survivors (1024K)
 Metaspace       used 47445K, committed 47872K, reserved 1097728K
  class space    used 6278K, committed 6464K, reserved 1048576K
}
Event: 30.568 GC heap after
{Heap after GC invocations=22 (full 0):
 garbage-first heap   total 134144K, used 69134K [0x0000000080000000, 0x0000000100000000)
  region size 1024K, 3 young (3072K), 3 survivors (3072K)
 Metaspace       used 47445K, committed 47872K, reserved 1097728K
  class space    used 6278K, committed 6464K, reserved 1048576K
}
Event: 34.988 GC heap before
{Heap before GC invocations=23 (full 0):
 garbage-first heap   total 134144K, used 99854K [0x0000000080000000, 0x0000000100000000)
  region size 1024K, 32 young (32768K), 3 survivors (3072K)
 Metaspace       used 50193K, committed 50752K, reserved 1097728K
  class space    used 6586K, committed 6784K, reserved 1048576K
}
Event: 34.998 GC heap after
{Heap after GC invocations=24 (full 0):
 garbage-first heap   total 134144K, used 71166K [0x0000000080000000, 0x0000000100000000)
  region size 1024K, 4 young (4096K), 4 survivors (4096K)
 Metaspace       used 50193K, committed 50752K, reserved 1097728K
  class space    used 6586K, committed 6784K, reserved 1048576K
}

