# JRE version: Java(TM) SE Runtime Environment (21.0.1+12) (build 21.0.1+12-LTS-29)
# Java VM: Java HotSpot(TM) 64-Bit Server VM (21.0.1+12-LTS-29, mixed mode, sharing, tiered, compressed oops, compressed class ptrs, g1 gc, windows-amd64)
GC Precious Log:
 CardTable entry size: 512
 Card Set container configuration: InlinePtr #cards 5 size 8 Array Of Cards #cards 12 size 40 Howl #buckets 4 coarsen threshold 1843 Howl Bitmap #cards 512 size 80 coarsen threshold 460 Card regions per heap region 1 cards per card region 2048
 CPUs: 4 total, 4 available
 Memory: 8030M
 Large Page Support: Disabled
 NUMA Support: Disabled
 Compressed Oops: Enabled (32-bit)
 Heap Region Size: 1M
 Heap Min Capacity: 8M
 Heap Initial Capacity: 126M
 Heap Max Capacity: 2G
 Pre-touch: Disabled
 Parallel Workers: 4
 Concurrent Workers: 1
 Concurrent Refinement Workers: 4
 Periodic GC: Disabled
Heap:
 garbage-first heap   total 148480K, used 142296K [0x0000000080000000, 0x0000000100000000)
  region size 1024K, 59 young (60416K), 5 survivors (5120K)
 Metaspace       used 63431K, committed 65088K, reserved 1114112K
  class space    used 8965K, committed 9792K, reserved 1048576K
GC Heap History (20 events):
Event: 9.642 GC heap after
{Heap after GC invocations=7 (full 0):
 garbage-first heap   total 93184K, used 51585K [0x0000000080000000, 0x0000000100000000)
  region size 1024K, 7 young (7168K), 7 survivors (7168K)
 Metaspace       used 25227K, committed 26240K, reserved 1114112K
  class space    used 3813K, committed 4352K, reserved 1048576K
}
Event: 10.584 GC heap before
{Heap before GC invocations=7 (full 0):
 garbage-first heap   total 93184K, used 79233K [0x0000000080000000, 0x0000000100000000)
  region size 1024K, 34 young (34816K), 7 survivors (7168K)
 Metaspace       used 29764K, committed 30976K, reserved 1114112K
  class space    used 4465K, committed 5056K, reserved 1048576K
}
Event: 10.595 GC heap after
{Heap after GC invocations=8 (full 0):
 garbage-first heap   total 93184K, used 53580K [0x0000000080000000, 0x0000000100000000)
  region size 1024K, 3 young (3072K), 3 survivors (3072K)
 Metaspace       used 29764K, committed 30976K, reserved 1114112K
  class space    used 4465K, committed 5056K, reserved 1048576K
}
Event: 11.381 GC heap before
{Heap before GC invocations=8 (full 0):
 garbage-first heap   total 93184K, used 81228K [0x0000000080000000, 0x0000000100000000)
  region size 1024K, 31 young (31744K), 3 survivors (3072K)
 Metaspace       used 34005K, committed 35264K, reserved 1114112K
  class space    used 4879K, committed 5504K, reserved 1048576K
}
Event: 11.396 GC heap after
{Heap after GC invocations=9 (full 0):
 garbage-first heap   total 93184K, used 57062K [0x0000000080000000, 0x0000000100000000)
  region size 1024K, 4 young (4096K), 4 survivors (4096K)
 Metaspace       used 34005K, committed 35264K, reserved 1114112K
  class space    used 4879K, committed 5504K, reserved 1048576K
}
Event: 12.466 GC heap before
{Heap before GC invocations=10 (full 0):
 garbage-first heap   total 97280K, used 84710K [0x0000000080000000, 0x0000000100000000)
  region size 1024K, 29 young (29696K), 4 survivors (4096K)
 Metaspace       used 37201K, committed 38528K, reserved 1114112K
  class space    used 5237K, committed 5888K, reserved 1048576K
}
Event: 12.482 GC heap after
{Heap after GC invocations=11 (full 0):
 garbage-first heap   total 97280K, used 60884K [0x0000000080000000, 0x0000000100000000)
  region size 1024K, 4 young (4096K), 4 survivors (4096K)
 Metaspace       used 37201K, committed 38528K, reserved 1114112K
  class space    used 5237K, committed 5888K, reserved 1048576K
}
Event: 13.315 GC heap before
{Heap before GC invocations=11 (full 0):
 garbage-first heap   total 97280K, used 91604K [0x0000000080000000, 0x0000000100000000)
  region size 1024K, 29 young (29696K), 4 survivors (4096K)
 Metaspace       used 39752K, committed 41152K, reserved 1114112K
  class space    used 5602K, committed 6272K, reserved 1048576K
}
Event: 13.330 GC heap after
{Heap after GC invocations=12 (full 0):
 garbage-first heap   total 102400K, used 70827K [0x0000000080000000, 0x0000000100000000)
  region size 1024K, 4 young (4096K), 4 survivors (4096K)
 Metaspace       used 39752K, committed 41152K, reserved 1114112K
  class space    used 5602K, committed 6272K, reserved 1048576K
}
Event: 13.340 GC heap before
{Heap before GC invocations=12 (full 0):
 garbage-first heap   total 102400K, used 70827K [0x0000000080000000, 0x0000000100000000)
  region size 1024K, 6 young (6144K), 4 survivors (4096K)
 Metaspace       used 39785K, committed 41152K, reserved 1114112K
  class space    used 5607K, committed 6272K, reserved 1048576K
}
Event: 13.347 GC heap after
{Heap after GC invocations=13 (full 0):
 garbage-first heap   total 102400K, used 71680K [0x0000000080000000, 0x0000000100000000)
  region size 1024K, 1 young (1024K), 1 survivors (1024K)
 Metaspace       used 39785K, committed 41152K, reserved 1114112K
  class space    used 5607K, committed 6272K, reserved 1048576K
}
Event: 14.045 GC heap before
{Heap before GC invocations=14 (full 0):
 garbage-first heap   total 122880K, used 95232K [0x0000000080000000, 0x0000000100000000)
  region size 1024K, 23 young (23552K), 1 survivors (1024K)
 Metaspace       used 41903K, committed 43392K, reserved 1114112K
  class space    used 5820K, committed 6528K, reserved 1048576K
}
Event: 14.050 GC heap after
{Heap after GC invocations=15 (full 0):
 garbage-first heap   total 122880K, used 72295K [0x0000000080000000, 0x0000000100000000)
  region size 1024K, 2 young (2048K), 2 survivors (2048K)
 Metaspace       used 41903K, committed 43392K, reserved 1114112K
  class space    used 5820K, committed 6528K, reserved 1048576K
}
Event: 15.615 GC heap before
{Heap before GC invocations=15 (full 0):
 garbage-first heap   total 122880K, used 111207K [0x0000000080000000, 0x0000000100000000)
  region size 1024K, 40 young (40960K), 2 survivors (2048K)
 Metaspace       used 48734K, committed 50368K, reserved 1114112K
  class space    used 7200K, committed 8000K, reserved 1048576K
}
Event: 15.629 GC heap after
{Heap after GC invocations=16 (full 0):
 garbage-first heap   total 122880K, used 73854K [0x0000000080000000, 0x0000000100000000)
  region size 1024K, 4 young (4096K), 4 survivors (4096K)
 Metaspace       used 48734K, committed 50368K, reserved 1114112K
  class space    used 7200K, committed 8000K, reserved 1048576K
}
Event: 16.677 GC heap before
{Heap before GC invocations=16 (full 0):
 garbage-first heap   total 122880K, used 108670K [0x0000000080000000, 0x0000000100000000)
  region size 1024K, 39 young (39936K), 4 survivors (4096K)
 Metaspace       used 54548K, committed 56128K, reserved 1114112K
  class space    used 7916K, committed 8704K, reserved 1048576K
}
Event: 16.689 GC heap after
{Heap after GC invocations=17 (full 0):
 garbage-first heap   total 122880K, used 75701K [0x0000000080000000, 0x0000000100000000)
  region size 1024K, 4 young (4096K), 4 survivors (4096K)
 Metaspace       used 54548K, committed 56128K, reserved 1114112K
  class space    used 7916K, committed 8704K, reserved 1048576K
}
Event: 17.683 GC heap before
{Heap before GC invocations=18 (full 0):
 garbage-first heap   total 147456K, used 113589K [0x0000000080000000, 0x0000000100000000)
  region size 1024K, 37 young (37888K), 4 survivors (4096K)
 Metaspace       used 60400K, committed 62080K, reserved 1114112K
  class space    used 8642K, committed 9472K, reserved 1048576K
}
Event: 17.695 GC heap after
{Heap after GC invocations=19 (full 0):
 garbage-first heap   total 147456K, used 80856K [0x0000000080000000, 0x0000000100000000)
  region size 1024K, 3 young (3072K), 3 survivors (3072K)
 Metaspace       used 60400K, committed 62080K, reserved 1114112K
  class space    used 8642K, committed 9472K, reserved 1048576K
}
Event: 19.808 GC heap before
{Heap before GC invocations=19 (full 0):
 garbage-first heap   total 147456K, used 141272K [0x0000000080000000, 0x0000000100000000)
  region size 1024K, 57 young (58368K), 3 survivors (3072K)
 Metaspace       used 63431K, committed 65088K, reserved 1114112K
  class space    used 8965K, committed 9792K, reserved 1048576K
}

