# JRE version: OpenJDK Runtime Environment (17.0.6) (build 17.0.6+0-b2043.56-10027231)
# Java VM: OpenJDK 64-Bit Server VM (17.0.6+0-b2043.56-10027231, mixed mode, tiered, compressed oops, compressed class ptrs, g1 gc, windows-amd64)
GC Precious Log:
 CPUs: 4 total, 4 available
 Memory: 8030M
 Large Page Support: Disabled
 NUMA Support: Disabled
 Compressed Oops: Enabled (32-bit)
 Heap Region Size: 1M
 Heap Min Capacity: 8M
 Heap Initial Capacity: 126M
 Heap Max Capacity: 2G
 Pre-touch: Disabled
 Parallel Workers: 4
 Concurrent Workers: 1
 Concurrent Refinement Workers: 4
 Periodic GC: Disabled
Heap:
 garbage-first heap   total 223232K, used 142336K [0x0000000080000000, 0x0000000100000000)
  region size 1024K, 7 young (7168K), 7 survivors (7168K)
 Metaspace       used 98583K, committed 99264K, reserved 1138688K
  class space    used 13298K, committed 13632K, reserved 1048576K
GC Heap History (20 events):
Event: 23.303 GC heap after
{Heap after GC invocations=54 (full 0):
 garbage-first heap   total 179200K, used 82644K [0x0000000080000000, 0x0000000100000000)
  region size 1024K, 4 young (4096K), 4 survivors (4096K)
 Metaspace       used 56762K, committed 57408K, reserved 1105920K
  class space    used 7575K, committed 7872K, reserved 1048576K
}
Event: 23.497 GC heap before
{Heap before GC invocations=54 (full 0):
 garbage-first heap   total 179200K, used 156372K [0x0000000080000000, 0x0000000100000000)
  region size 1024K, 76 young (77824K), 4 survivors (4096K)
 Metaspace       used 56762K, committed 57408K, reserved 1105920K
  class space    used 7575K, committed 7872K, reserved 1048576K
}
Event: 23.502 GC heap after
{Heap after GC invocations=55 (full 0):
 garbage-first heap   total 223232K, used 83208K [0x0000000080000000, 0x0000000100000000)
  region size 1024K, 5 young (5120K), 5 survivors (5120K)
 Metaspace       used 56762K, committed 57408K, reserved 1105920K
  class space    used 7575K, committed 7872K, reserved 1048576K
}
Event: 26.245 GC heap before
{Heap before GC invocations=55 (full 0):
 garbage-first heap   total 223232K, used 211208K [0x0000000080000000, 0x0000000100000000)
  region size 1024K, 114 young (116736K), 5 survivors (5120K)
 Metaspace       used 65572K, committed 66240K, reserved 1105920K
  class space    used 9184K, committed 9472K, reserved 1048576K
}
Event: 26.253 GC heap after
{Heap after GC invocations=56 (full 0):
 garbage-first heap   total 223232K, used 95143K [0x0000000080000000, 0x0000000100000000)
  region size 1024K, 10 young (10240K), 10 survivors (10240K)
 Metaspace       used 65572K, committed 66240K, reserved 1105920K
  class space    used 9184K, committed 9472K, reserved 1048576K
}
Event: 28.379 GC heap before
{Heap before GC invocations=56 (full 0):
 garbage-first heap   total 223232K, used 193447K [0x0000000080000000, 0x0000000100000000)
  region size 1024K, 100 young (102400K), 10 survivors (10240K)
 Metaspace       used 76668K, committed 77376K, reserved 1122304K
  class space    used 10625K, committed 10944K, reserved 1048576K
}
Event: 28.394 GC heap after
{Heap after GC invocations=57 (full 0):
 garbage-first heap   total 223232K, used 102241K [0x0000000080000000, 0x0000000100000000)
  region size 1024K, 8 young (8192K), 8 survivors (8192K)
 Metaspace       used 76668K, committed 77376K, reserved 1122304K
  class space    used 10625K, committed 10944K, reserved 1048576K
}
Event: 30.434 GC heap before
{Heap before GC invocations=57 (full 0):
 garbage-first heap   total 223232K, used 183137K [0x0000000080000000, 0x0000000100000000)
  region size 1024K, 82 young (83968K), 8 survivors (8192K)
 Metaspace       used 85089K, committed 85760K, reserved 1130496K
  class space    used 11725K, committed 12032K, reserved 1048576K
}
Event: 30.450 GC heap after
{Heap after GC invocations=58 (full 0):
 garbage-first heap   total 223232K, used 115283K [0x0000000080000000, 0x0000000100000000)
  region size 1024K, 7 young (7168K), 7 survivors (7168K)
 Metaspace       used 85089K, committed 85760K, reserved 1130496K
  class space    used 11725K, committed 12032K, reserved 1048576K
}
Event: 31.769 GC heap before
{Heap before GC invocations=59 (full 0):
 garbage-first heap   total 223232K, used 184915K [0x0000000080000000, 0x0000000100000000)
  region size 1024K, 74 young (75776K), 7 survivors (7168K)
 Metaspace       used 87491K, committed 88192K, reserved 1130496K
  class space    used 11948K, committed 12288K, reserved 1048576K
}
Event: 31.778 GC heap after
{Heap after GC invocations=60 (full 0):
 garbage-first heap   total 223232K, used 108974K [0x0000000080000000, 0x0000000100000000)
  region size 1024K, 2 young (2048K), 2 survivors (2048K)
 Metaspace       used 87491K, committed 88192K, reserved 1130496K
  class space    used 11948K, committed 12288K, reserved 1048576K
}
Event: 31.839 GC heap before
{Heap before GC invocations=60 (full 0):
 garbage-first heap   total 223232K, used 117166K [0x0000000080000000, 0x0000000100000000)
  region size 1024K, 10 young (10240K), 2 survivors (2048K)
 Metaspace       used 87497K, committed 88256K, reserved 1130496K
  class space    used 11948K, committed 12288K, reserved 1048576K
}
Event: 31.843 GC heap after
{Heap after GC invocations=61 (full 0):
 garbage-first heap   total 223232K, used 108378K [0x0000000080000000, 0x0000000100000000)
  region size 1024K, 1 young (1024K), 1 survivors (1024K)
 Metaspace       used 87497K, committed 88256K, reserved 1130496K
  class space    used 11948K, committed 12288K, reserved 1048576K
}
Event: 33.247 GC heap before
{Heap before GC invocations=61 (full 0):
 garbage-first heap   total 223232K, used 167770K [0x0000000080000000, 0x0000000100000000)
  region size 1024K, 60 young (61440K), 1 survivors (1024K)
 Metaspace       used 92167K, committed 92928K, reserved 1130496K
  class space    used 12514K, committed 12864K, reserved 1048576K
}
Event: 33.258 GC heap after
{Heap after GC invocations=62 (full 0):
 garbage-first heap   total 223232K, used 111618K [0x0000000080000000, 0x0000000100000000)
  region size 1024K, 4 young (4096K), 4 survivors (4096K)
 Metaspace       used 92167K, committed 92928K, reserved 1130496K
  class space    used 12514K, committed 12864K, reserved 1048576K
}
Event: 34.330 GC heap before
{Heap before GC invocations=63 (full 0):
 garbage-first heap   total 223232K, used 195586K [0x0000000080000000, 0x0000000100000000)
  region size 1024K, 76 young (77824K), 4 survivors (4096K)
 Metaspace       used 98333K, committed 99072K, reserved 1138688K
  class space    used 13276K, committed 13632K, reserved 1048576K
}
Event: 34.355 GC heap after
{Heap after GC invocations=64 (full 0):
 garbage-first heap   total 223232K, used 127305K [0x0000000080000000, 0x0000000100000000)
  region size 1024K, 10 young (10240K), 10 survivors (10240K)
 Metaspace       used 98333K, committed 99072K, reserved 1138688K
  class space    used 13276K, committed 13632K, reserved 1048576K
}
Event: 34.366 GC heap before
{Heap before GC invocations=64 (full 0):
 garbage-first heap   total 223232K, used 128329K [0x0000000080000000, 0x0000000100000000)
  region size 1024K, 11 young (11264K), 10 survivors (10240K)
 Metaspace       used 98333K, committed 99072K, reserved 1138688K
  class space    used 13276K, committed 13632K, reserved 1048576K
}
Event: 34.394 GC heap after
{Heap after GC invocations=65 (full 0):
 garbage-first heap   total 223232K, used 127166K [0x0000000080000000, 0x0000000100000000)
  region size 1024K, 1 young (1024K), 1 survivors (1024K)
 Metaspace       used 98333K, committed 99072K, reserved 1138688K
  class space    used 13276K, committed 13632K, reserved 1048576K
}
Event: 34.798 GC heap before
{Heap before GC invocations=65 (full 0):
 garbage-first heap   total 223232K, used 180414K [0x0000000080000000, 0x0000000100000000)
  region size 1024K, 53 young (54272K), 1 survivors (1024K)
 Metaspace       used 98583K, committed 99264K, reserved 1138688K
  class space    used 13298K, committed 13632K, reserved 1048576K
}

