# JRE version: OpenJDK Runtime Environment (17.0.6) (build 17.0.6+0-b2043.56-10027231)
# Java VM: OpenJDK 64-Bit Server VM (17.0.6+0-b2043.56-10027231, mixed mode, tiered, compressed oops, compressed class ptrs, g1 gc, windows-amd64)
GC Precious Log:
 CPUs: 4 total, 4 available
 Memory: 8030M
 Large Page Support: Disabled
 NUMA Support: Disabled
 Compressed Oops: Enabled (32-bit)
 Heap Region Size: 1M
 Heap Min Capacity: 8M
 Heap Initial Capacity: 126M
 Heap Max Capacity: 2G
 Pre-touch: Disabled
 Parallel Workers: 4
 Concurrent Workers: 1
 Concurrent Refinement Workers: 4
 Periodic GC: Disabled
Heap:
 garbage-first heap   total 335872K, used 240586K [0x0000000080000000, 0x0000000100000000)
  region size 1024K, 121 young (123904K), 2 survivors (2048K)
 Metaspace       used 96170K, committed 96896K, reserved 1138688K
  class space    used 13165K, committed 13504K, reserved 1048576K
GC Heap History (20 events):
Event: 13.642 GC heap before
{Heap before GC invocations=28 (full 0):
 garbage-first heap   total 146432K, used 111710K [0x0000000080000000, 0x0000000100000000)
  region size 1024K, 39 young (39936K), 1 survivors (1024K)
 Metaspace       used 60425K, committed 61056K, reserved 1105920K
  class space    used 8570K, committed 8896K, reserved 1048576K
}
Event: 13.649 GC heap after
{Heap after GC invocations=29 (full 0):
 garbage-first heap   total 146432K, used 76639K [0x0000000080000000, 0x0000000100000000)
  region size 1024K, 4 young (4096K), 4 survivors (4096K)
 Metaspace       used 60425K, committed 61056K, reserved 1105920K
  class space    used 8570K, committed 8896K, reserved 1048576K
}
Event: 13.859 GC heap before
{Heap before GC invocations=30 (full 0):
 garbage-first heap   total 146432K, used 84831K [0x0000000080000000, 0x0000000100000000)
  region size 1024K, 13 young (13312K), 4 survivors (4096K)
 Metaspace       used 60498K, committed 61120K, reserved 1105920K
  class space    used 8576K, committed 8896K, reserved 1048576K
}
Event: 13.866 GC heap after
{Heap after GC invocations=31 (full 0):
 garbage-first heap   total 146432K, used 77674K [0x0000000080000000, 0x0000000100000000)
  region size 1024K, 2 young (2048K), 2 survivors (2048K)
 Metaspace       used 60498K, committed 61120K, reserved 1105920K
  class space    used 8576K, committed 8896K, reserved 1048576K
}
Event: 14.496 GC heap before
{Heap before GC invocations=32 (full 0):
 garbage-first heap   total 157696K, used 121706K [0x0000000080000000, 0x0000000100000000)
  region size 1024K, 35 young (35840K), 2 survivors (2048K)
 Metaspace       used 63815K, committed 64512K, reserved 1105920K
  class space    used 9049K, committed 9344K, reserved 1048576K
}
Event: 14.502 GC heap after
{Heap after GC invocations=33 (full 0):
 garbage-first heap   total 157696K, used 93541K [0x0000000080000000, 0x0000000100000000)
  region size 1024K, 5 young (5120K), 5 survivors (5120K)
 Metaspace       used 63815K, committed 64512K, reserved 1105920K
  class space    used 9049K, committed 9344K, reserved 1048576K
}
Event: 14.539 GC heap before
{Heap before GC invocations=33 (full 0):
 garbage-first heap   total 157696K, used 94565K [0x0000000080000000, 0x0000000100000000)
  region size 1024K, 7 young (7168K), 5 survivors (5120K)
 Metaspace       used 64162K, committed 64896K, reserved 1105920K
  class space    used 9082K, committed 9408K, reserved 1048576K
}
Event: 14.543 GC heap after
{Heap after GC invocations=34 (full 0):
 garbage-first heap   total 157696K, used 93939K [0x0000000080000000, 0x0000000100000000)
  region size 1024K, 1 young (1024K), 1 survivors (1024K)
 Metaspace       used 64162K, committed 64896K, reserved 1105920K
  class space    used 9082K, committed 9408K, reserved 1048576K
}
Event: 15.342 GC heap before
{Heap before GC invocations=34 (full 0):
 garbage-first heap   total 157696K, used 123635K [0x0000000080000000, 0x0000000100000000)
  region size 1024K, 30 young (30720K), 1 survivors (1024K)
 Metaspace       used 69714K, committed 70400K, reserved 1114112K
  class space    used 9736K, committed 10048K, reserved 1048576K
}
Event: 15.347 GC heap after
{Heap after GC invocations=35 (full 0):
 garbage-first heap   total 157696K, used 95157K [0x0000000080000000, 0x0000000100000000)
  region size 1024K, 2 young (2048K), 2 survivors (2048K)
 Metaspace       used 69714K, committed 70400K, reserved 1114112K
  class space    used 9736K, committed 10048K, reserved 1048576K
}
Event: 16.071 GC heap before
{Heap before GC invocations=36 (full 0):
 garbage-first heap   total 167936K, used 130997K [0x0000000080000000, 0x0000000100000000)
  region size 1024K, 31 young (31744K), 2 survivors (2048K)
 Metaspace       used 72623K, committed 73280K, reserved 1114112K
  class space    used 10121K, committed 10432K, reserved 1048576K
}
Event: 16.079 GC heap after
{Heap after GC invocations=37 (full 0):
 garbage-first heap   total 167936K, used 98490K [0x0000000080000000, 0x0000000100000000)
  region size 1024K, 4 young (4096K), 4 survivors (4096K)
 Metaspace       used 72623K, committed 73280K, reserved 1114112K
  class space    used 10121K, committed 10432K, reserved 1048576K
}
Event: 16.171 GC heap before
{Heap before GC invocations=37 (full 0):
 garbage-first heap   total 167936K, used 102586K [0x0000000080000000, 0x0000000100000000)
  region size 1024K, 8 young (8192K), 4 survivors (4096K)
 Metaspace       used 73003K, committed 73664K, reserved 1114112K
  class space    used 10170K, committed 10496K, reserved 1048576K
}
Event: 16.183 GC heap after
{Heap after GC invocations=38 (full 0):
 garbage-first heap   total 167936K, used 98563K [0x0000000080000000, 0x0000000100000000)
  region size 1024K, 1 young (1024K), 1 survivors (1024K)
 Metaspace       used 73003K, committed 73664K, reserved 1114112K
  class space    used 10170K, committed 10496K, reserved 1048576K
}
Event: 17.011 GC heap before
{Heap before GC invocations=38 (full 0):
 garbage-first heap   total 167936K, used 133379K [0x0000000080000000, 0x0000000100000000)
  region size 1024K, 35 young (35840K), 1 survivors (1024K)
 Metaspace       used 76391K, committed 77056K, reserved 1122304K
  class space    used 10632K, committed 10944K, reserved 1048576K
}
Event: 17.018 GC heap after
{Heap after GC invocations=39 (full 0):
 garbage-first heap   total 335872K, used 100806K [0x0000000080000000, 0x0000000100000000)
  region size 1024K, 3 young (3072K), 3 survivors (3072K)
 Metaspace       used 76391K, committed 77056K, reserved 1122304K
  class space    used 10632K, committed 10944K, reserved 1048576K
}
Event: 19.544 GC heap before
{Heap before GC invocations=40 (full 0):
 garbage-first heap   total 335872K, used 234950K [0x0000000080000000, 0x0000000100000000)
  region size 1024K, 130 young (133120K), 3 survivors (3072K)
 Metaspace       used 90374K, committed 91072K, reserved 1130496K
  class space    used 12447K, committed 12800K, reserved 1048576K
}
Event: 19.564 GC heap after
{Heap after GC invocations=41 (full 0):
 garbage-first heap   total 335872K, used 113859K [0x0000000080000000, 0x0000000100000000)
  region size 1024K, 12 young (12288K), 12 survivors (12288K)
 Metaspace       used 90374K, committed 91072K, reserved 1130496K
  class space    used 12447K, committed 12800K, reserved 1048576K
}
Event: 19.625 GC heap before
{Heap before GC invocations=41 (full 0):
 garbage-first heap   total 335872K, used 117955K [0x0000000080000000, 0x0000000100000000)
  region size 1024K, 16 young (16384K), 12 survivors (12288K)
 Metaspace       used 90958K, committed 91648K, reserved 1130496K
  class space    used 12545K, committed 12864K, reserved 1048576K
}
Event: 19.640 GC heap after
{Heap after GC invocations=42 (full 0):
 garbage-first heap   total 335872K, used 114634K [0x0000000080000000, 0x0000000100000000)
  region size 1024K, 2 young (2048K), 2 survivors (2048K)
 Metaspace       used 90958K, committed 91648K, reserved 1130496K
  class space    used 12545K, committed 12864K, reserved 1048576K
}

