# JRE version: OpenJDK Runtime Environment (17.0.6) (build 17.0.6+0-b2043.56-10027231)
# Java VM: OpenJDK 64-Bit Server VM (17.0.6+0-b2043.56-10027231, mixed mode, tiered, compressed oops, compressed class ptrs, g1 gc, windows-amd64)
GC Precious Log:
 CPUs: 4 total, 4 available
 Memory: 8030M
 Large Page Support: Disabled
 NUMA Support: Disabled
 Compressed Oops: Enabled (32-bit)
 Heap Region Size: 1M
 Heap Min Capacity: 8M
 Heap Initial Capacity: 126M
 Heap Max Capacity: 2G
 Pre-touch: Disabled
 Parallel Workers: 4
 Concurrent Workers: 1
 Concurrent Refinement Workers: 4
 Periodic GC: Disabled
Heap:
 garbage-first heap   total 223232K, used 136192K [0x0000000080000000, 0x0000000100000000)
  region size 1024K, 7 young (7168K), 7 survivors (7168K)
 Metaspace       used 93094K, committed 93888K, reserved 1130496K
  class space    used 12775K, committed 13120K, reserved 1048576K
GC Heap History (20 events):
Event: 15.904 GC heap after
{Heap after GC invocations=29 (full 0):
 garbage-first heap   total 137216K, used 90372K [0x0000000080000000, 0x0000000100000000)
  region size 1024K, 4 young (4096K), 4 survivors (4096K)
 Metaspace       used 56650K, committed 57280K, reserved 1105920K
  class space    used 7603K, committed 7872K, reserved 1048576K
}
Event: 15.963 GC heap before
{Heap before GC invocations=29 (full 0):
 garbage-first heap   total 137216K, used 91396K [0x0000000080000000, 0x0000000100000000)
  region size 1024K, 6 young (6144K), 4 survivors (4096K)
 Metaspace       used 56921K, committed 57536K, reserved 1105920K
  class space    used 7652K, committed 7936K, reserved 1048576K
}
Event: 15.969 GC heap after
{Heap after GC invocations=30 (full 0):
 garbage-first heap   total 223232K, used 90835K [0x0000000080000000, 0x0000000100000000)
  region size 1024K, 1 young (1024K), 1 survivors (1024K)
 Metaspace       used 56921K, committed 57536K, reserved 1105920K
  class space    used 7652K, committed 7936K, reserved 1048576K
}
Event: 17.889 GC heap before
{Heap before GC invocations=30 (full 0):
 garbage-first heap   total 223232K, used 169683K [0x0000000080000000, 0x0000000100000000)
  region size 1024K, 73 young (74752K), 1 survivors (1024K)
 Metaspace       used 67958K, committed 68672K, reserved 1114112K
  class space    used 9024K, committed 9344K, reserved 1048576K
}
Event: 17.899 GC heap after
{Heap after GC invocations=31 (full 0):
 garbage-first heap   total 223232K, used 100736K [0x0000000080000000, 0x0000000100000000)
  region size 1024K, 8 young (8192K), 8 survivors (8192K)
 Metaspace       used 67958K, committed 68672K, reserved 1114112K
  class space    used 9024K, committed 9344K, reserved 1048576K
}
Event: 17.940 GC heap before
{Heap before GC invocations=31 (full 0):
 garbage-first heap   total 223232K, used 104832K [0x0000000080000000, 0x0000000100000000)
  region size 1024K, 13 young (13312K), 8 survivors (8192K)
 Metaspace       used 67964K, committed 68672K, reserved 1114112K
  class space    used 9024K, committed 9344K, reserved 1048576K
}
Event: 17.949 GC heap after
{Heap after GC invocations=32 (full 0):
 garbage-first heap   total 223232K, used 102712K [0x0000000080000000, 0x0000000100000000)
  region size 1024K, 2 young (2048K), 2 survivors (2048K)
 Metaspace       used 67964K, committed 68672K, reserved 1114112K
  class space    used 9024K, committed 9344K, reserved 1048576K
}
Event: 19.274 GC heap before
{Heap before GC invocations=33 (full 0):
 garbage-first heap   total 223232K, used 159032K [0x0000000080000000, 0x0000000100000000)
  region size 1024K, 55 young (56320K), 2 survivors (2048K)
 Metaspace       used 73009K, committed 73728K, reserved 1114112K
  class space    used 9721K, committed 10048K, reserved 1048576K
}
Event: 19.282 GC heap after
{Heap after GC invocations=34 (full 0):
 garbage-first heap   total 223232K, used 106660K [0x0000000080000000, 0x0000000100000000)
  region size 1024K, 5 young (5120K), 5 survivors (5120K)
 Metaspace       used 73009K, committed 73728K, reserved 1114112K
  class space    used 9721K, committed 10048K, reserved 1048576K
}
Event: 19.396 GC heap before
{Heap before GC invocations=34 (full 0):
 garbage-first heap   total 223232K, used 111780K [0x0000000080000000, 0x0000000100000000)
  region size 1024K, 10 young (10240K), 5 survivors (5120K)
 Metaspace       used 73593K, committed 74304K, reserved 1114112K
  class space    used 9805K, committed 10112K, reserved 1048576K
}
Event: 19.403 GC heap after
{Heap after GC invocations=35 (full 0):
 garbage-first heap   total 223232K, used 106918K [0x0000000080000000, 0x0000000100000000)
  region size 1024K, 1 young (1024K), 1 survivors (1024K)
 Metaspace       used 73593K, committed 74304K, reserved 1114112K
  class space    used 9805K, committed 10112K, reserved 1048576K
}
Event: 20.611 GC heap before
{Heap before GC invocations=35 (full 0):
 garbage-first heap   total 223232K, used 163238K [0x0000000080000000, 0x0000000100000000)
  region size 1024K, 56 young (57344K), 1 survivors (1024K)
 Metaspace       used 79495K, committed 80128K, reserved 1122304K
  class space    used 10595K, committed 10880K, reserved 1048576K
}
Event: 20.621 GC heap after
{Heap after GC invocations=36 (full 0):
 garbage-first heap   total 223232K, used 112130K [0x0000000080000000, 0x0000000100000000)
  region size 1024K, 6 young (6144K), 6 survivors (6144K)
 Metaspace       used 79495K, committed 80128K, reserved 1122304K
  class space    used 10595K, committed 10880K, reserved 1048576K
}
Event: 21.444 GC heap before
{Heap before GC invocations=36 (full 0):
 garbage-first heap   total 223232K, used 158210K [0x0000000080000000, 0x0000000100000000)
  region size 1024K, 53 young (54272K), 6 survivors (6144K)
 Metaspace       used 84511K, committed 85184K, reserved 1130496K
  class space    used 11233K, committed 11520K, reserved 1048576K
}
Event: 21.458 GC heap after
{Heap after GC invocations=37 (full 0):
 garbage-first heap   total 223232K, used 114620K [0x0000000080000000, 0x0000000100000000)
  region size 1024K, 4 young (4096K), 4 survivors (4096K)
 Metaspace       used 84511K, committed 85184K, reserved 1130496K
  class space    used 11233K, committed 11520K, reserved 1048576K
}
Event: 22.460 GC heap before
{Heap before GC invocations=38 (full 0):
 garbage-first heap   total 223232K, used 178108K [0x0000000080000000, 0x0000000100000000)
  region size 1024K, 60 young (61440K), 4 survivors (4096K)
 Metaspace       used 92919K, committed 93568K, reserved 1130496K
  class space    used 12767K, committed 13056K, reserved 1048576K
}
Event: 22.474 GC heap after
{Heap after GC invocations=39 (full 0):
 garbage-first heap   total 223232K, used 125926K [0x0000000080000000, 0x0000000100000000)
  region size 1024K, 8 young (8192K), 8 survivors (8192K)
 Metaspace       used 92919K, committed 93568K, reserved 1130496K
  class space    used 12767K, committed 13056K, reserved 1048576K
}
Event: 22.489 GC heap before
{Heap before GC invocations=39 (full 0):
 garbage-first heap   total 223232K, used 127974K [0x0000000080000000, 0x0000000100000000)
  region size 1024K, 10 young (10240K), 8 survivors (8192K)
 Metaspace       used 92919K, committed 93568K, reserved 1130496K
  class space    used 12767K, committed 13056K, reserved 1048576K
}
Event: 22.500 GC heap after
{Heap after GC invocations=40 (full 0):
 garbage-first heap   total 223232K, used 125423K [0x0000000080000000, 0x0000000100000000)
  region size 1024K, 1 young (1024K), 1 survivors (1024K)
 Metaspace       used 92919K, committed 93568K, reserved 1130496K
  class space    used 12767K, committed 13056K, reserved 1048576K
}
Event: 22.867 GC heap before
{Heap before GC invocations=40 (full 0):
 garbage-first heap   total 223232K, used 175599K [0x0000000080000000, 0x0000000100000000)
  region size 1024K, 51 young (52224K), 1 survivors (1024K)
 Metaspace       used 93094K, committed 93888K, reserved 1130496K
  class space    used 12775K, committed 13120K, reserved 1048576K
}

