# JRE version: OpenJDK Runtime Environment (17.0.6) (build 17.0.6+0-b2043.56-10027231)
# Java VM: OpenJDK 64-Bit Server VM (17.0.6+0-b2043.56-10027231, mixed mode, tiered, compressed oops, compressed class ptrs, g1 gc, windows-amd64)
GC Precious Log:
 CPUs: 4 total, 4 available
 Memory: 8030M
 Large Page Support: Disabled
 NUMA Support: Disabled
 Compressed Oops: Enabled (32-bit)
 Heap Region Size: 1M
 Heap Min Capacity: 8M
 Heap Initial Capacity: 126M
 Heap Max Capacity: 2G
 Pre-touch: Disabled
 Parallel Workers: 4
 Concurrent Workers: 1
 Concurrent Refinement Workers: 4
 Periodic GC: Disabled
Heap:
 garbage-first heap   total 130048K, used 75126K [0x0000000080000000, 0x0000000100000000)
  region size 1024K, 5 young (5120K), 3 survivors (3072K)
 Metaspace       used 64360K, committed 65024K, reserved 1105920K
  class space    used 9088K, committed 9408K, reserved 1048576K
GC Heap History (20 events):
Event: 10.689 GC heap after
{Heap after GC invocations=9 (full 0):
 garbage-first heap   total 121856K, used 50373K [0x0000000080000000, 0x0000000100000000)
  region size 1024K, 4 young (4096K), 4 survivors (4096K)
 Metaspace       used 35625K, committed 35968K, reserved 1081344K
  class space    used 4942K, committed 5120K, reserved 1048576K
}
Event: 13.263 GC heap before
{Heap before GC invocations=10 (full 0):
 garbage-first heap   total 121856K, used 91333K [0x0000000080000000, 0x0000000100000000)
  region size 1024K, 45 young (46080K), 4 survivors (4096K)
 Metaspace       used 42096K, committed 42496K, reserved 1089536K
  class space    used 5610K, committed 5824K, reserved 1048576K
}
Event: 13.281 GC heap after
{Heap after GC invocations=11 (full 0):
 garbage-first heap   total 121856K, used 56187K [0x0000000080000000, 0x0000000100000000)
  region size 1024K, 6 young (6144K), 6 survivors (6144K)
 Metaspace       used 42096K, committed 42496K, reserved 1089536K
  class space    used 5610K, committed 5824K, reserved 1048576K
}
Event: 13.340 GC heap before
{Heap before GC invocations=11 (full 0):
 garbage-first heap   total 121856K, used 57211K [0x0000000080000000, 0x0000000100000000)
  region size 1024K, 7 young (7168K), 6 survivors (6144K)
 Metaspace       used 42159K, committed 42560K, reserved 1089536K
  class space    used 5610K, committed 5824K, reserved 1048576K
}
Event: 13.350 GC heap after
{Heap after GC invocations=12 (full 0):
 garbage-first heap   total 121856K, used 55427K [0x0000000080000000, 0x0000000100000000)
  region size 1024K, 1 young (1024K), 1 survivors (1024K)
 Metaspace       used 42159K, committed 42560K, reserved 1089536K
  class space    used 5610K, committed 5824K, reserved 1048576K
}
Event: 13.374 GC heap before
{Heap before GC invocations=12 (full 0):
 garbage-first heap   total 121856K, used 55427K [0x0000000080000000, 0x0000000100000000)
  region size 1024K, 3 young (3072K), 1 survivors (1024K)
 Metaspace       used 42234K, committed 42688K, reserved 1089536K
  class space    used 5618K, committed 5824K, reserved 1048576K
}
Event: 13.377 GC heap after
{Heap after GC invocations=13 (full 0):
 garbage-first heap   total 121856K, used 55556K [0x0000000080000000, 0x0000000100000000)
  region size 1024K, 1 young (1024K), 1 survivors (1024K)
 Metaspace       used 42234K, committed 42688K, reserved 1089536K
  class space    used 5618K, committed 5824K, reserved 1048576K
}
Event: 16.756 GC heap before
{Heap before GC invocations=14 (full 0):
 garbage-first heap   total 121856K, used 89348K [0x0000000080000000, 0x0000000100000000)
  region size 1024K, 33 young (33792K), 1 survivors (1024K)
 Metaspace       used 46712K, committed 47168K, reserved 1097728K
  class space    used 6195K, committed 6400K, reserved 1048576K
}
Event: 16.767 GC heap after
{Heap after GC invocations=15 (full 0):
 garbage-first heap   total 121856K, used 58798K [0x0000000080000000, 0x0000000100000000)
  region size 1024K, 4 young (4096K), 4 survivors (4096K)
 Metaspace       used 46712K, committed 47168K, reserved 1097728K
  class space    used 6195K, committed 6400K, reserved 1048576K
}
Event: 17.223 GC heap before
{Heap before GC invocations=16 (full 0):
 garbage-first heap   total 121856K, used 75182K [0x0000000080000000, 0x0000000100000000)
  region size 1024K, 15 young (15360K), 4 survivors (4096K)
 Metaspace       used 47422K, committed 47872K, reserved 1097728K
  class space    used 6277K, committed 6464K, reserved 1048576K
}
Event: 17.233 GC heap after
{Heap after GC invocations=17 (full 0):
 garbage-first heap   total 121856K, used 67259K [0x0000000080000000, 0x0000000100000000)
  region size 1024K, 3 young (3072K), 3 survivors (3072K)
 Metaspace       used 47422K, committed 47872K, reserved 1097728K
  class space    used 6277K, committed 6464K, reserved 1048576K
}
Event: 18.270 GC heap before
{Heap before GC invocations=18 (full 0):
 garbage-first heap   total 121856K, used 91835K [0x0000000080000000, 0x0000000100000000)
  region size 1024K, 26 young (26624K), 3 survivors (3072K)
 Metaspace       used 49733K, committed 50240K, reserved 1097728K
  class space    used 6510K, committed 6720K, reserved 1048576K
}
Event: 18.282 GC heap after
{Heap after GC invocations=19 (full 0):
 garbage-first heap   total 121856K, used 68618K [0x0000000080000000, 0x0000000100000000)
  region size 1024K, 2 young (2048K), 2 survivors (2048K)
 Metaspace       used 49733K, committed 50240K, reserved 1097728K
  class space    used 6510K, committed 6720K, reserved 1048576K
}
Event: 19.419 GC heap before
{Heap before GC invocations=19 (full 0):
 garbage-first heap   total 121856K, used 92170K [0x0000000080000000, 0x0000000100000000)
  region size 1024K, 26 young (26624K), 2 survivors (2048K)
 Metaspace       used 52422K, committed 53056K, reserved 1097728K
  class space    used 6993K, committed 7296K, reserved 1048576K
}
Event: 19.432 GC heap after
{Heap after GC invocations=20 (full 0):
 garbage-first heap   total 121856K, used 70427K [0x0000000080000000, 0x0000000100000000)
  region size 1024K, 4 young (4096K), 4 survivors (4096K)
 Metaspace       used 52422K, committed 53056K, reserved 1097728K
  class space    used 6993K, committed 7296K, reserved 1048576K
}
Event: 20.437 GC heap before
{Heap before GC invocations=21 (full 0):
 garbage-first heap   total 124928K, used 93979K [0x0000000080000000, 0x0000000100000000)
  region size 1024K, 28 young (28672K), 4 survivors (4096K)
 Metaspace       used 56189K, committed 56832K, reserved 1105920K
  class space    used 7622K, committed 7936K, reserved 1048576K
}
Event: 20.450 GC heap after
{Heap after GC invocations=22 (full 0):
 garbage-first heap   total 124928K, used 71966K [0x0000000080000000, 0x0000000100000000)
  region size 1024K, 4 young (4096K), 4 survivors (4096K)
 Metaspace       used 56189K, committed 56832K, reserved 1105920K
  class space    used 7622K, committed 7936K, reserved 1048576K
}
Event: 21.220 GC heap before
{Heap before GC invocations=22 (full 0):
 garbage-first heap   total 124928K, used 97566K [0x0000000080000000, 0x0000000100000000)
  region size 1024K, 30 young (30720K), 4 survivors (4096K)
 Metaspace       used 60494K, committed 61120K, reserved 1105920K
  class space    used 8573K, committed 8896K, reserved 1048576K
}
Event: 21.231 GC heap after
{Heap after GC invocations=23 (full 0):
 garbage-first heap   total 124928K, used 73197K [0x0000000080000000, 0x0000000100000000)
  region size 1024K, 3 young (3072K), 3 survivors (3072K)
 Metaspace       used 60494K, committed 61120K, reserved 1105920K
  class space    used 8573K, committed 8896K, reserved 1048576K
}
Event: 22.312 GC heap before
{Heap before GC invocations=24 (full 0):
 garbage-first heap   total 130048K, used 99821K [0x0000000080000000, 0x0000000100000000)
  region size 1024K, 29 young (29696K), 3 survivors (3072K)
 Metaspace       used 64132K, committed 64768K, reserved 1105920K
  class space    used 9055K, committed 9344K, reserved 1048576K
}

