# JRE version: OpenJDK Runtime Environment (17.0.6) (build 17.0.6+0-b2043.56-10027231)
# Java VM: OpenJDK 64-Bit Server VM (17.0.6+0-b2043.56-10027231, mixed mode, tiered, compressed oops, compressed class ptrs, g1 gc, windows-amd64)
GC Precious Log:
 CPUs: 4 total, 4 available
 Memory: 8030M
 Large Page Support: Disabled
 NUMA Support: Disabled
 Compressed Oops: Enabled (32-bit)
 Heap Region Size: 1M
 Heap Min Capacity: 8M
 Heap Initial Capacity: 126M
 Heap Max Capacity: 2G
 Pre-touch: Disabled
 Parallel Workers: 4
 Concurrent Workers: 1
 Concurrent Refinement Workers: 4
 Periodic GC: Disabled
Heap:
 garbage-first heap   total 250880K, used 126516K [0x0000000080000000, 0x0000000100000000)
  region size 1024K, 2 young (2048K), 2 survivors (2048K)
 Metaspace       used 122859K, committed 123584K, reserved 1163264K
  class space    used 15815K, committed 16128K, reserved 1048576K
GC Heap History (20 events):
Event: 18.274 GC heap after
{Heap after GC invocations=44 (full 0):
 garbage-first heap   total 198656K, used 113534K [0x0000000080000000, 0x0000000100000000)
  region size 1024K, 8 young (8192K), 8 survivors (8192K)
 Metaspace       used 98999K, committed 99648K, reserved 1138688K
  class space    used 12921K, committed 13184K, reserved 1048576K
}
Event: 19.221 GC heap before
{Heap before GC invocations=44 (full 0):
 garbage-first heap   total 198656K, used 162686K [0x0000000080000000, 0x0000000100000000)
  region size 1024K, 56 young (57344K), 8 survivors (8192K)
 Metaspace       used 107697K, committed 108352K, reserved 1146880K
  class space    used 13841K, committed 14144K, reserved 1048576K
}
Event: 19.233 GC heap after
{Heap after GC invocations=45 (full 0):
 garbage-first heap   total 238592K, used 114929K [0x0000000080000000, 0x0000000100000000)
  region size 1024K, 6 young (6144K), 6 survivors (6144K)
 Metaspace       used 107697K, committed 108352K, reserved 1146880K
  class space    used 13841K, committed 14144K, reserved 1048576K
}
Event: 19.895 GC heap before
{Heap before GC invocations=46 (full 0):
 garbage-first heap   total 238592K, used 143601K [0x0000000080000000, 0x0000000100000000)
  region size 1024K, 35 young (35840K), 6 survivors (6144K)
 Metaspace       used 108925K, committed 109504K, reserved 1146880K
  class space    used 14008K, committed 14272K, reserved 1048576K
}
Event: 19.909 GC heap after
{Heap after GC invocations=47 (full 0):
 garbage-first heap   total 238592K, used 117681K [0x0000000080000000, 0x0000000100000000)
  region size 1024K, 8 young (8192K), 8 survivors (8192K)
 Metaspace       used 108925K, committed 109504K, reserved 1146880K
  class space    used 14008K, committed 14272K, reserved 1048576K
}
Event: 21.270 GC heap before
{Heap before GC invocations=48 (full 0):
 garbage-first heap   total 240640K, used 198577K [0x0000000080000000, 0x0000000100000000)
  region size 1024K, 86 young (88064K), 8 survivors (8192K)
 Metaspace       used 110525K, committed 111104K, reserved 1146880K
  class space    used 14139K, committed 14400K, reserved 1048576K
}
Event: 21.293 GC heap after
{Heap after GC invocations=49 (full 0):
 garbage-first heap   total 240640K, used 124654K [0x0000000080000000, 0x0000000100000000)
  region size 1024K, 11 young (11264K), 11 survivors (11264K)
 Metaspace       used 110525K, committed 111104K, reserved 1146880K
  class space    used 14139K, committed 14400K, reserved 1048576K
}
Event: 24.110 GC heap before
{Heap before GC invocations=49 (full 0):
 garbage-first heap   total 240640K, used 196334K [0x0000000080000000, 0x0000000100000000)
  region size 1024K, 82 young (83968K), 11 survivors (11264K)
 Metaspace       used 122212K, committed 122944K, reserved 1163264K
  class space    used 15781K, committed 16128K, reserved 1048576K
}
Event: 24.133 GC heap after
{Heap after GC invocations=50 (full 0):
 garbage-first heap   total 240640K, used 132464K [0x0000000080000000, 0x0000000100000000)
  region size 1024K, 8 young (8192K), 8 survivors (8192K)
 Metaspace       used 122212K, committed 122944K, reserved 1163264K
  class space    used 15781K, committed 16128K, reserved 1048576K
}
Event: 24.985 GC heap before
{Heap before GC invocations=51 (full 0):
 garbage-first heap   total 244736K, used 200048K [0x0000000080000000, 0x0000000100000000)
  region size 1024K, 71 young (72704K), 8 survivors (8192K)
 Metaspace       used 122795K, committed 123456K, reserved 1163264K
  class space    used 15815K, committed 16128K, reserved 1048576K
}
Event: 24.999 GC heap after
{Heap after GC invocations=52 (full 0):
 garbage-first heap   total 244736K, used 137384K [0x0000000080000000, 0x0000000100000000)
  region size 1024K, 4 young (4096K), 4 survivors (4096K)
 Metaspace       used 122795K, committed 123456K, reserved 1163264K
  class space    used 15815K, committed 16128K, reserved 1048576K
}
Event: 25.043 GC heap before
{Heap before GC invocations=52 (full 0):
 garbage-first heap   total 244736K, used 143528K [0x0000000080000000, 0x0000000100000000)
  region size 1024K, 11 young (11264K), 4 survivors (4096K)
 Metaspace       used 122797K, committed 123456K, reserved 1163264K
  class space    used 15815K, committed 16128K, reserved 1048576K
}
Event: 25.047 GC heap after
{Heap after GC invocations=53 (full 0):
 garbage-first heap   total 244736K, used 137711K [0x0000000080000000, 0x0000000100000000)
  region size 1024K, 1 young (1024K), 1 survivors (1024K)
 Metaspace       used 122797K, committed 123456K, reserved 1163264K
  class space    used 15815K, committed 16128K, reserved 1048576K
}
Event: 25.463 GC heap before
{Heap before GC invocations=53 (full 0):
 garbage-first heap   total 244736K, used 202223K [0x0000000080000000, 0x0000000100000000)
  region size 1024K, 65 young (66560K), 1 survivors (1024K)
 Metaspace       used 122810K, committed 123520K, reserved 1163264K
  class space    used 15815K, committed 16128K, reserved 1048576K
}
Event: 25.466 GC heap after
{Heap after GC invocations=54 (full 0):
 garbage-first heap   total 244736K, used 137765K [0x0000000080000000, 0x0000000100000000)
  region size 1024K, 1 young (1024K), 1 survivors (1024K)
 Metaspace       used 122810K, committed 123520K, reserved 1163264K
  class space    used 15815K, committed 16128K, reserved 1048576K
}
Event: 26.039 GC heap before
{Heap before GC invocations=55 (full 0):
 garbage-first heap   total 250880K, used 198181K [0x0000000080000000, 0x0000000100000000)
  region size 1024K, 67 young (68608K), 1 survivors (1024K)
 Metaspace       used 122816K, committed 123520K, reserved 1163264K
  class space    used 15815K, committed 16128K, reserved 1048576K
}
Event: 26.042 GC heap after
{Heap after GC invocations=56 (full 0):
 garbage-first heap   total 250880K, used 131519K [0x0000000080000000, 0x0000000100000000)
  region size 1024K, 1 young (1024K), 1 survivors (1024K)
 Metaspace       used 122816K, committed 123520K, reserved 1163264K
  class space    used 15815K, committed 16128K, reserved 1048576K
}
Event: 26.110 GC heap before
{Heap before GC invocations=56 (full 0):
 garbage-first heap   total 250880K, used 142783K [0x0000000080000000, 0x0000000100000000)
  region size 1024K, 12 young (12288K), 1 survivors (1024K)
 Metaspace       used 122822K, committed 123520K, reserved 1163264K
  class space    used 15815K, committed 16128K, reserved 1048576K
}
Event: 26.114 GC heap after
{Heap after GC invocations=57 (full 0):
 garbage-first heap   total 250880K, used 126073K [0x0000000080000000, 0x0000000100000000)
  region size 1024K, 2 young (2048K), 2 survivors (2048K)
 Metaspace       used 122822K, committed 123520K, reserved 1163264K
  class space    used 15815K, committed 16128K, reserved 1048576K
}
Event: 26.622 GC heap before
{Heap before GC invocations=57 (full 0):
 garbage-first heap   total 250880K, used 207993K [0x0000000080000000, 0x0000000100000000)
  region size 1024K, 83 young (84992K), 2 survivors (2048K)
 Metaspace       used 122859K, committed 123584K, reserved 1163264K
  class space    used 15815K, committed 16128K, reserved 1048576K
}

