# JRE version: Java(TM) SE Runtime Environment (21.0.1+12) (build 21.0.1+12-LTS-29)
# Java VM: Java HotSpot(TM) 64-Bit Server VM (21.0.1+12-LTS-29, mixed mode, sharing, tiered, compressed oops, compressed class ptrs, g1 gc, windows-amd64)
GC Precious Log:
 CardTable entry size: 512
 Card Set container configuration: InlinePtr #cards 5 size 8 Array Of Cards #cards 12 size 40 Howl #buckets 4 coarsen threshold 1843 Howl Bitmap #cards 512 size 80 coarsen threshold 460 Card regions per heap region 1 cards per card region 2048
 CPUs: 4 total, 4 available
 Memory: 8030M
 Large Page Support: Disabled
 NUMA Support: Disabled
 Compressed Oops: Enabled (32-bit)
 Heap Region Size: 1M
 Heap Min Capacity: 8M
 Heap Initial Capacity: 126M
 Heap Max Capacity: 2G
 Pre-touch: Disabled
 Parallel Workers: 4
 Concurrent Workers: 1
 Concurrent Refinement Workers: 4
 Periodic GC: Disabled
Heap:
 garbage-first heap   total 301056K, used 215410K [0x0000000080000000, 0x0000000100000000)
  region size 1024K, 56 young (57344K), 10 survivors (10240K)
 Metaspace       used 109990K, committed 112384K, reserved 1179648K
  class space    used 14645K, committed 15808K, reserved 1048576K
GC Heap History (20 events):
Event: 14.070 GC heap before
{Heap before GC invocations=22 (full 0):
 garbage-first heap   total 196608K, used 142576K [0x0000000080000000, 0x0000000100000000)
  region size 1024K, 41 young (41984K), 4 survivors (4096K)
 Metaspace       used 62921K, committed 64832K, reserved 1114112K
  class space    used 8661K, committed 9600K, reserved 1048576K
}
Event: 14.079 GC heap after
{Heap after GC invocations=23 (full 0):
 garbage-first heap   total 196608K, used 102009K [0x0000000080000000, 0x0000000100000000)
  region size 1024K, 5 young (5120K), 5 survivors (5120K)
 Metaspace       used 62921K, committed 64832K, reserved 1114112K
  class space    used 8661K, committed 9600K, reserved 1048576K
}
Event: 15.325 GC heap before
{Heap before GC invocations=23 (full 0):
 garbage-first heap   total 196608K, used 156281K [0x0000000080000000, 0x0000000100000000)
  region size 1024K, 58 young (59392K), 5 survivors (5120K)
 Metaspace       used 69612K, committed 71488K, reserved 1114112K
  class space    used 9555K, committed 10496K, reserved 1048576K
}
Event: 15.338 GC heap after
{Heap after GC invocations=24 (full 0):
 garbage-first heap   total 196608K, used 105472K [0x0000000080000000, 0x0000000100000000)
  region size 1024K, 8 young (8192K), 8 survivors (8192K)
 Metaspace       used 69612K, committed 71488K, reserved 1114112K
  class space    used 9555K, committed 10496K, reserved 1048576K
}
Event: 16.511 GC heap before
{Heap before GC invocations=24 (full 0):
 garbage-first heap   total 196608K, used 161792K [0x0000000080000000, 0x0000000100000000)
  region size 1024K, 63 young (64512K), 8 survivors (8192K)
 Metaspace       used 73969K, committed 75904K, reserved 1114112K
  class space    used 10100K, committed 11072K, reserved 1048576K
}
Event: 16.528 GC heap after
{Heap after GC invocations=25 (full 0):
 garbage-first heap   total 196608K, used 110592K [0x0000000080000000, 0x0000000100000000)
  region size 1024K, 8 young (8192K), 8 survivors (8192K)
 Metaspace       used 73969K, committed 75904K, reserved 1114112K
  class space    used 10100K, committed 11072K, reserved 1048576K
}
Event: 16.797 GC heap before
{Heap before GC invocations=25 (full 0):
 garbage-first heap   total 196608K, used 124928K [0x0000000080000000, 0x0000000100000000)
  region size 1024K, 23 young (23552K), 8 survivors (8192K)
 Metaspace       used 76686K, committed 78656K, reserved 1179648K
  class space    used 10425K, committed 11392K, reserved 1048576K
}
Event: 16.809 GC heap after
{Heap after GC invocations=26 (full 0):
 garbage-first heap   total 236544K, used 112400K [0x0000000080000000, 0x0000000100000000)
  region size 1024K, 2 young (2048K), 2 survivors (2048K)
 Metaspace       used 76686K, committed 78656K, reserved 1179648K
  class space    used 10425K, committed 11392K, reserved 1048576K
}
Event: 17.761 GC heap before
{Heap before GC invocations=26 (full 0):
 garbage-first heap   total 236544K, used 159504K [0x0000000080000000, 0x0000000100000000)
  region size 1024K, 45 young (46080K), 2 survivors (2048K)
 Metaspace       used 84957K, committed 86976K, reserved 1179648K
  class space    used 11907K, committed 12928K, reserved 1048576K
}
Event: 17.766 GC heap after
{Heap after GC invocations=27 (full 0):
 garbage-first heap   total 236544K, used 117125K [0x0000000080000000, 0x0000000100000000)
  region size 1024K, 2 young (2048K), 2 survivors (2048K)
 Metaspace       used 84957K, committed 86976K, reserved 1179648K
  class space    used 11907K, committed 12928K, reserved 1048576K
}
Event: 18.407 GC heap before
{Heap before GC invocations=27 (full 0):
 garbage-first heap   total 236544K, used 204165K [0x0000000080000000, 0x0000000100000000)
  region size 1024K, 81 young (82944K), 2 survivors (2048K)
 Metaspace       used 85203K, committed 87168K, reserved 1179648K
  class space    used 11917K, committed 12928K, reserved 1048576K
}
Event: 18.449 GC heap after
{Heap after GC invocations=28 (full 0):
 garbage-first heap   total 236544K, used 142025K [0x0000000080000000, 0x0000000100000000)
  region size 1024K, 11 young (11264K), 11 survivors (11264K)
 Metaspace       used 85203K, committed 87168K, reserved 1179648K
  class space    used 11917K, committed 12928K, reserved 1048576K
}
Event: 19.229 GC heap before
{Heap before GC invocations=28 (full 0):
 garbage-first heap   total 236544K, used 181961K [0x0000000080000000, 0x0000000100000000)
  region size 1024K, 51 young (52224K), 11 survivors (11264K)
 Metaspace       used 89605K, committed 91648K, reserved 1179648K
  class space    used 12399K, committed 13440K, reserved 1048576K
}
Event: 19.253 GC heap after
{Heap after GC invocations=29 (full 0):
 garbage-first heap   total 236544K, used 146944K [0x0000000080000000, 0x0000000100000000)
  region size 1024K, 4 young (4096K), 4 survivors (4096K)
 Metaspace       used 89605K, committed 91648K, reserved 1179648K
  class space    used 12399K, committed 13440K, reserved 1048576K
}
Event: 20.436 GC heap before
{Heap before GC invocations=30 (full 0):
 garbage-first heap   total 276480K, used 211456K [0x0000000080000000, 0x0000000100000000)
  region size 1024K, 61 young (62464K), 4 survivors (4096K)
 Metaspace       used 95878K, committed 97920K, reserved 1179648K
  class space    used 12972K, committed 14016K, reserved 1048576K
}
Event: 20.450 GC heap after
{Heap after GC invocations=31 (full 0):
 garbage-first heap   total 276480K, used 160256K [0x0000000080000000, 0x0000000100000000)
  region size 1024K, 8 young (8192K), 8 survivors (8192K)
 Metaspace       used 95878K, committed 97920K, reserved 1179648K
  class space    used 12972K, committed 14016K, reserved 1048576K
}
Event: 21.979 GC heap before
{Heap before GC invocations=31 (full 0):
 garbage-first heap   total 276480K, used 233984K [0x0000000080000000, 0x0000000100000000)
  region size 1024K, 79 young (80896K), 8 survivors (8192K)
 Metaspace       used 104048K, committed 106432K, reserved 1179648K
  class space    used 14033K, committed 15232K, reserved 1048576K
}
Event: 21.998 GC heap after
{Heap after GC invocations=32 (full 0):
 garbage-first heap   total 276480K, used 163727K [0x0000000080000000, 0x0000000100000000)
  region size 1024K, 5 young (5120K), 5 survivors (5120K)
 Metaspace       used 104048K, committed 106432K, reserved 1179648K
  class space    used 14033K, committed 15232K, reserved 1048576K
}
Event: 23.234 GC heap before
{Heap before GC invocations=32 (full 0):
 garbage-first heap   total 276480K, used 237455K [0x0000000080000000, 0x0000000100000000)
  region size 1024K, 77 young (78848K), 5 survivors (5120K)
 Metaspace       used 106500K, committed 108864K, reserved 1179648K
  class space    used 14291K, committed 15488K, reserved 1048576K
}
Event: 23.251 GC heap after
{Heap after GC invocations=33 (full 0):
 garbage-first heap   total 276480K, used 169330K [0x0000000080000000, 0x0000000100000000)
  region size 1024K, 10 young (10240K), 10 survivors (10240K)
 Metaspace       used 106500K, committed 108864K, reserved 1179648K
  class space    used 14291K, committed 15488K, reserved 1048576K
}

